<?xml version="1.0" encoding="UTF-8"?>
<!-- Generated by org.testng.reporters.JUnitXMLReporter -->
<testsuite hostname="DESKTOP-8ECR7HO" ignored="3" name="baidu" tests="2" failures="1" timestamp="04 八月 2017 03:36:56 GMT" time="0.109" errors="0">
  <testcase name="testKyyPC" time="0.078" classname="feishuo.BaiduWebUITest.baidu">
    <skipped/>
  </testcase> <!-- testKyyPC -->
  <testcase name="testKyyPC" time="0.0" classname="feishuo.BaiduWebUITest.baidu">
    <failure type="java.lang.IllegalStateException" message="The driver executable does not exist: C:\Users\admin\.jenkins\workspace\testbaidu\cmd \c C:\Program Files (x86)\口语易\kyyclient.exe">
      <![CDATA[java.lang.IllegalStateException: The driver executable does not exist: C:\Users\admin\.jenkins\workspace\testbaidu\cmd \c C:\Program Files (x86)\口语易\kyyclient.exe
	at com.google.common.base.Preconditions.checkState(Preconditions.java:518)
	at org.openqa.selenium.remote.service.DriverService.checkExecutable(DriverService.java:136)
	at org.openqa.selenium.remote.service.DriverService.findExecutable(DriverService.java:131)
	at org.openqa.selenium.chrome.ChromeDriverService.access$000(ChromeDriverService.java:32)
	at org.openqa.selenium.chrome.ChromeDriverService$Builder.findDefaultExecutable(ChromeDriverService.java:137)
	at org.openqa.selenium.remote.service.DriverService$Builder.build(DriverService.java:330)
	at org.openqa.selenium.chrome.ChromeDriverService.createDefaultService(ChromeDriverService.java:88)
	at org.openqa.selenium.chrome.ChromeDriver.<init>(ChromeDriver.java:124)
	at feishuo.BaiduWebUITest.baidu.testKyyPC(baidu.java:77)
... Removed 25 stack frames]]>
    </failure>
  </testcase> <!-- testKyyPC -->
  <testcase name="testie" time="0.0" classname="feishuo.BaiduWebUITest.baidu">
    <ignored/>
  </testcase> <!-- testie -->
  <testcase name="testchrome" time="0.0" classname="feishuo.BaiduWebUITest.baidu">
    <ignored/>
  </testcase> <!-- testchrome -->
  <testcase name="testfirefox" time="0.0" classname="feishuo.BaiduWebUITest.baidu">
    <ignored/>
  </testcase> <!-- testfirefox -->
</testsuite> <!-- baidu -->
