<?xml version="1.0" encoding="UTF-8"?>
<testng-results skipped="1" failed="0" ignored="3" total="4" passed="0">
  <reporter-output>
    <line>
      <![CDATA[RunCount=2]]>
    </line>
  </reporter-output>
  <suite name="Baidu" duration-ms="109" started-at="2017-08-04T03:36:55Z" finished-at="2017-08-04T03:36:56Z">
    <groups>
    </groups>
    <test name="baidu" duration-ms="109" started-at="2017-08-04T03:36:55Z" finished-at="2017-08-04T03:36:56Z">
      <class name="feishuo.BaiduWebUITest.baidu">
        <test-method status="SKIP" signature="testKyyPC()[pri:0, instance:feishuo.BaiduWebUITest.baidu@551aa95a]" name="testKyyPC" duration-ms="78" started-at="2017-08-04T11:36:55Z" finished-at="2017-08-04T11:36:56Z">
          <exception class="java.lang.IllegalStateException">
            <message>
              <![CDATA[The driver executable does not exist: C:\Users\admin\.jenkins\workspace\testbaidu\cmd \c C:\Program Files (x86)\口语易\kyyclient.exe]]>
            </message>
            <full-stacktrace>
              <![CDATA[java.lang.IllegalStateException: The driver executable does not exist: C:\Users\admin\.jenkins\workspace\testbaidu\cmd \c C:\Program Files (x86)\口语易\kyyclient.exe
	at com.google.common.base.Preconditions.checkState(Preconditions.java:518)
	at org.openqa.selenium.remote.service.DriverService.checkExecutable(DriverService.java:136)
	at org.openqa.selenium.remote.service.DriverService.findExecutable(DriverService.java:131)
	at org.openqa.selenium.chrome.ChromeDriverService.access$000(ChromeDriverService.java:32)
	at org.openqa.selenium.chrome.ChromeDriverService$Builder.findDefaultExecutable(ChromeDriverService.java:137)
	at org.openqa.selenium.remote.service.DriverService$Builder.build(DriverService.java:330)
	at org.openqa.selenium.chrome.ChromeDriverService.createDefaultService(ChromeDriverService.java:88)
	at org.openqa.selenium.chrome.ChromeDriver.<init>(ChromeDriver.java:124)
	at feishuo.BaiduWebUITest.baidu.testKyyPC(baidu.java:77)
	at sun.reflect.NativeMethodAccessorImpl.invoke0(Native Method)
	at sun.reflect.NativeMethodAccessorImpl.invoke(NativeMethodAccessorImpl.java:62)
	at sun.reflect.DelegatingMethodAccessorImpl.invoke(DelegatingMethodAccessorImpl.java:43)
	at java.lang.reflect.Method.invoke(Method.java:498)
	at org.testng.internal.MethodInvocationHelper.invokeMethod(MethodInvocationHelper.java:108)
	at org.testng.internal.Invoker.invokeMethod(Invoker.java:661)
	at org.testng.internal.Invoker.invokeTestMethod(Invoker.java:869)
	at org.testng.internal.Invoker.invokeTestMethods(Invoker.java:1193)
	at org.testng.internal.TestMethodWorker.invokeTestMethods(TestMethodWorker.java:126)
	at org.testng.internal.TestMethodWorker.run(TestMethodWorker.java:109)
	at org.testng.TestRunner.privateRun(TestRunner.java:744)
	at org.testng.TestRunner.run(TestRunner.java:602)
	at org.testng.SuiteRunner.runTest(SuiteRunner.java:380)
	at org.testng.SuiteRunner.runSequentially(SuiteRunner.java:375)
	at org.testng.SuiteRunner.privateRun(SuiteRunner.java:340)
	at org.testng.SuiteRunner.run(SuiteRunner.java:289)
	at org.testng.SuiteRunnerWorker.runSuite(SuiteRunnerWorker.java:52)
	at org.testng.SuiteRunnerWorker.run(SuiteRunnerWorker.java:86)
	at org.testng.TestNG.runSuitesSequentially(TestNG.java:1301)
	at org.testng.TestNG.runSuitesLocally(TestNG.java:1226)
	at org.testng.TestNG.runSuites(TestNG.java:1144)
	at org.testng.TestNG.run(TestNG.java:1115)
	at org.testng.remote.AbstractRemoteTestNG.run(AbstractRemoteTestNG.java:132)
	at org.testng.remote.RemoteTestNG.initAndRun(RemoteTestNG.java:230)
	at org.testng.remote.RemoteTestNG.main(RemoteTestNG.java:76)
]]>
            </full-stacktrace>
          </exception> <!-- java.lang.IllegalStateException -->
          <reporter-output>
            <line>
              <![CDATA[RunCount=2]]>
            </line>
          </reporter-output>
        </test-method> <!-- testKyyPC -->
      </class> <!-- feishuo.BaiduWebUITest.baidu -->
    </test> <!-- baidu -->
  </suite> <!-- Baidu -->
</testng-results>
