-------------------------------------------------------------------------------
Test set: TestSuite
-------------------------------------------------------------------------------
Tests run: 1, Failures: 1, Errors: 0, Skipped: 0, Time elapsed: 1.98 s <<< FAILURE! - in TestSuite
testCalculator(testOne.testCalculator.Calculator)  Time elapsed: 1.623 s  <<< FAILURE!
org.openqa.selenium.WebDriverException: 
org.apache.http.conn.HttpHostConnectException: Connect to 127.0.0.1:4723 [/127.0.0.1] failed: Connection refused: connect
Build info: version: '3.4.0', revision: 'unknown', time: 'unknown'
System info: host: 'DESKTOP-8ECR7HO', ip: '192.168.1.19', os.name: 'Windows 10', os.arch: 'amd64', os.version: '10.0', java.version: '1.8.0_121'
Driver info: driver.version: AndroidDriver
	at testOne.testCalculator.Calculator.testCalculator(Calculator.java:43)
Caused by: org.apache.http.conn.HttpHostConnectException: Connect to 127.0.0.1:4723 [/127.0.0.1] failed: Connection refused: connect
	at testOne.testCalculator.Calculator.testCalculator(Calculator.java:43)
Caused by: java.net.ConnectException: Connection refused: connect
	at testOne.testCalculator.Calculator.testCalculator(Calculator.java:43)

