<!DOCTYPE html PUBLIC "-//W3C//DTD XHTML 1.1//EN" "http://www.w3.org/TR/xhtml11/DTD/xhtml11.dtd">
<html xmlns="http://www.w3.org/1999/xhtml">
<head>
<title>TestNG Report</title>
<style type="text/css">
table {margin-bottom:10px;border-collapse:collapse;empty-cells:show}
td,th {border:1px solid #009;padding:.25em .5em}
.result th {vertical-align:bottom}
.param th {padding-left:1em;padding-right:1em}
.param td {padding-left:.5em;padding-right:2em}
.stripe td,.stripe th {background-color: #E6EBF9}
.numi,.numi_attn {text-align:right}
.total td {font-weight:bold}
.passedodd td {background-color: #0A0}
.passedeven td {background-color: #3F3}
.skippedodd td {background-color: #CCC}
.skippedodd td {background-color: #DDD}
.failedodd td,.numi_attn {background-color: #F33}
.failedeven td,.stripe .numi_attn {background-color: #D00}
.stacktrace {white-space:pre;font-family:monospace}
.totop {font-size:85%;text-align:center;border-bottom:2px solid #000}
</style>
</head>
<body>
<table cellspacing="0" cellpadding="0" class="testOverview">
<tr><th>Test</th><th>Methods<br/>Passed</th><th>Scenarios<br/>Passed</th><th># skipped</th><th># failed</th><th>Total<br/>Time</th><th>Included<br/>Groups</th><th>Excluded<br/>Groups</th></tr>
<tr><td style="text-align:left;padding-right:2em"><a href="#t1">StudentLogin</a></td><td class="numi">15</td><td class="numi">15</td><td class="numi">0</td><td class="numi">0</td><td class="numi">453.4 seconds</td><td class="numi"></td><td class="numi"></td></tr>
<tr class="stripe"><td style="text-align:left;padding-right:2em"><a href="#t2">HomePage</a></td><td class="numi">9</td><td class="numi">9</td><td class="numi_attn">5</td><td class="numi">0</td><td class="numi">1,143.2 seconds</td><td class="numi"></td><td class="numi"></td></tr>
<tr><td style="text-align:left;padding-right:2em"><a href="#t3">Play</a></td><td class="numi">3</td><td class="numi">3</td><td class="numi_attn">1</td><td class="numi">0</td><td class="numi">1,199.4 seconds</td><td class="numi"></td><td class="numi"></td></tr>
<tr class="stripe"><td style="text-align:left;padding-right:2em"><a href="#t4">Fighting</a></td><td class="numi">0</td><td class="numi">0</td><td class="numi_attn">1</td><td class="numi">0</td><td class="numi">0.2 seconds</td><td class="numi"></td><td class="numi"></td></tr>
<tr><td style="text-align:left;padding-right:2em"><a href="#t5">Me</a></td><td class="numi">0</td><td class="numi">0</td><td class="numi_attn">13</td><td class="numi">0</td><td class="numi">1.3 seconds</td><td class="numi"></td><td class="numi"></td></tr>
<tr class="total"><td>Total</td>
<td class="numi">27</td><td class="numi">27</td><td class="numi_attn">20</td><td class="numi">0</td><td class="numi">2,797.6 seconds</td><td colspan="2">&nbsp;</td></tr>
</table>
<table cellspacing="0" cellpadding="0" class="methodOverview" id="summary">
<tr><th>Class</th><th>Method</th><th>Authors</th><th># of<br/>Scenarios</th><th>Running Counts</th><th>Parameters</th><th>Start</th><th>Time<br/>(ms)</th></tr>
<tr id="t1"><th colspan="5">StudentLogin &#8212; passed</th></tr>
<tr class="passedodd"><td rowspan="15">feishuo.KyyAppUITest.LoginStudent</td><td><a href="#m-1579627071"><b>testLogin_OK</b>  </a></td><td>unknown</td><td class="numi">3</td><td>1</td><td>{thPassid=888888, thUserid=mzls01} </td><td>1504581580276</td><td class="numi">113047</td></tr><tr class="passedodd"><td><a href="#m1707891316"><b>testLogin_OK</b>  </a></td><td>unknown</td><td class="numi">3</td><td>1</td><td>{thPassid=888888, thUserid=mmtest06} </td><td>1504581580276</td><td class="numi">113047</td></tr><tr class="passedodd"><td><a href="#m1701974392"><b>testLogin_OK</b>  </a></td><td>unknown</td><td class="numi">3</td><td>1</td><td>{thPassid=888888, thUserid=student0001} </td><td>1504581580276</td><td class="numi">113047</td></tr><tr class="passedodd"><td><a href="#m-1164078508"><b>testLogin_fail01</b>  </a></td><td>unknown</td><td class="numi">3</td><td>1</td><td>{thPassid=ACdwe, thUserid=mzls01} </td><td>1504581693408</td><td class="numi">79432</td></tr><tr class="passedodd"><td><a href="#m-380999756"><b>testLogin_fail01</b>  </a></td><td>unknown</td><td class="numi">3</td><td>1</td><td>{thPassid=123qw00Q, thUserid=student0001} </td><td>1504581693408</td><td class="numi">79432</td></tr><tr class="passedodd"><td><a href="#m-1404688489"><b>testLogin_fail01</b>  </a></td><td>unknown</td><td class="numi">3</td><td>1</td><td>{thPassid=111111, thUserid=mmtest06} </td><td>1504581693408</td><td class="numi">79432</td></tr><tr class="passedodd"><td><a href="#m-1466059185"><b>testLogin_fail02</b>  </a></td><td>unknown</td><td class="numi">3</td><td>1</td><td>{thPassid=888888, thUserid=梅州student01} </td><td>1504581772880</td><td class="numi">78676</td></tr><tr class="passedodd"><td><a href="#m-2059928482"><b>testLogin_fail02</b>  </a></td><td>unknown</td><td class="numi">3</td><td>1</td><td>{thPassid=888888, thUserid=1112300} </td><td>1504581772880</td><td class="numi">78676</td></tr><tr class="passedodd"><td><a href="#m859098449"><b>testLogin_fail02</b>  </a></td><td>unknown</td><td class="numi">3</td><td>1</td><td>{thPassid=888888, thUserid=SeaCher} </td><td>1504581772880</td><td class="numi">78676</td></tr><tr class="passedodd"><td><a href="#m2110055486"><b>testLogin_fail04</b>  </a></td><td>unknown</td><td class="numi">3</td><td>1</td><td>{thPassid=, thUserid=student0001} </td><td>1504581851597</td><td class="numi">80094</td></tr><tr class="passedodd"><td><a href="#m2115972410"><b>testLogin_fail04</b>  </a></td><td>unknown</td><td class="numi">3</td><td>1</td><td>{thPassid=, thUserid=mmtest06} </td><td>1504581851597</td><td class="numi">80094</td></tr><tr class="passedodd"><td><a href="#m-1171545977"><b>testLogin_fail04</b>  </a></td><td>unknown</td><td class="numi">3</td><td>1</td><td>{thPassid=, thUserid=mzls01} </td><td>1504581851597</td><td class="numi">80094</td></tr><tr class="passedodd"><td><a href="#m-1466059182"><b>testLogin_fail05</b>  </a></td><td>unknown</td><td class="numi">3</td><td>1</td><td>{thPassid=888888, thUserid=梅州student01} </td><td>1504581931734</td><td class="numi">76091</td></tr><tr class="passedodd"><td><a href="#m-2059928479"><b>testLogin_fail05</b>  </a></td><td>unknown</td><td class="numi">3</td><td>1</td><td>{thPassid=888888, thUserid=1112300} </td><td>1504581931734</td><td class="numi">76091</td></tr><tr class="passedodd"><td><a href="#m859098452"><b>testLogin_fail05</b>  </a></td><td>unknown</td><td class="numi">3</td><td>1</td><td>{thPassid=888888, thUserid=SeaCher} </td><td>1504581931734</td><td class="numi">76091</td></tr>
<tr id="t2"><th colspan="5">HomePage &#8212; skipped</th></tr>
<tr class="skippedodd"><td>feishuo.KyyAppUITest.Cartoon</td><td><a href="#m1973136558"><b>testCartoon</b>  </a></td><td>unknown</td><td class="numi">1</td><td></td><td></td><td>1504583068622</td><td class="numi">41649</td></tr>
<tr class="skippedeven"><td rowspan="2">feishuo.KyyAppUITest.HomePage</td><td><a href="#m926257766"><b>testItemMiddle</b>  </a></td><td>unknown</td><td class="numi">1</td><td></td><td></td><td>1504582066951</td><td class="numi">12484</td></tr><tr class="skippedeven"><td><a href="#m-1324573328"><b>testPast</b>  </a></td><td>unknown</td><td class="numi">1</td><td></td><td></td><td>1504582090304</td><td class="numi">10443</td></tr>
<tr class="skippedodd"><td rowspan="2">feishuo.KyyAppUITest.Train</td><td><a href="#m-1366519697"><b>testTrainText</b>  </a></td><td>unknown</td><td class="numi">1</td><td></td><td></td><td>1504582211823</td><td class="numi">36802</td></tr><tr class="skippedodd"><td><a href="#m-1366420916"><b>testTrainWord</b>  </a></td><td>unknown</td><td class="numi">1</td><td></td><td></td><td>1504582269355</td><td class="numi">20668</td></tr>
<tr><th colspan="5">HomePage &#8212; passed</th></tr>
<tr class="passedodd"><td>feishuo.KyyAppUITest.Train</td><td><a href="#m-1682483090"><b>testChange</b>  </a></td><td>unknown</td><td class="numi">1</td><td>1</td><td></td><td>1504582164857</td><td class="numi">31353</td></tr>
<tr class="passedeven"><td>feishuo.KyyAppUITest.Topic</td><td><a href="#m-1682558060"><b>testChange</b>  </a></td><td>unknown</td><td class="numi">1</td><td></td><td></td><td>1504582934471</td><td class="numi">22496</td></tr>
<tr class="passedodd"><td>feishuo.KyyAppUITest.Train</td><td><a href="#m-1682064683"><b>testChoose</b>  </a></td><td>unknown</td><td class="numi">1</td><td>1</td><td></td><td>1504582196213</td><td class="numi">15608</td></tr>
<tr class="passedeven"><td>feishuo.KyyAppUITest.Exercise</td><td><a href="#m-671463234"><b>testChoose</b>  </a></td><td>unknown</td><td class="numi">1</td><td></td><td></td><td>1504582361158</td><td class="numi">43376</td></tr>
<tr class="passedodd"><td>feishuo.KyyAppUITest.Topic</td><td><a href="#m-1682139653"><b>testChoose</b>  </a></td><td>unknown</td><td class="numi">1</td><td></td><td></td><td>1504582956968</td><td class="numi">59747</td></tr>
<tr class="passedeven"><td>feishuo.KyyAppUITest.HomePage</td><td><a href="#m617370364"><b>testItemBottom</b>  </a></td><td>unknown</td><td class="numi">1</td><td>1</td><td></td><td>1504582057903</td><td class="numi">9047</td></tr>
<tr class="passedodd"><td rowspan="3">feishuo.KyyAppUITest.Exercise</td><td><a href="#m-412753809"><b>testListen</b>  </a></td><td>unknown</td><td class="numi">1</td><td>1</td><td></td><td>1504582404535</td><td class="numi">23288</td></tr><tr class="passedodd"><td><a href="#m-36076739"><b>testSpecial</b>  </a></td><td>unknown</td><td class="numi">1</td><td>1</td><td></td><td>1504582427824</td><td class="numi">231839</td></tr><tr class="passedodd"><td><a href="#m1177421283"><b>testWrite</b>  </a></td><td>unknown</td><td class="numi">1</td><td>1</td><td></td><td>1504582659665</td><td class="numi">223345</td></tr>
<tr id="t3"><th colspan="5">Play &#8212; skipped</th></tr>
<tr class="skippedodd"><td rowspan="2">feishuo.KyyAppUITest.Play</td><td><a href="#m974751650"><b>testList</b>  </a></td><td>unknown</td><td class="numi">1</td><td>2</td><td></td><td>1504583299388</td><td class="numi">410472</td></tr><tr class="skippedodd"><td><a href="#m930566785"><b>testStatu</b>  </a></td><td>unknown</td><td class="numi">1</td><td></td><td></td><td>1504584354176</td><td class="numi">0</td></tr>
<tr><th colspan="5">Play &#8212; failed (configuration methods)</th></tr>
<tr class="failedodd"><td>feishuo.KyyAppUITest.Play</td><td><a href="#m-2063864337"><b>setUp</b>  </a></td><td>unknown</td><td class="numi">1</td><td></td><td></td><td>1504584274439</td><td class="numi">79734</td></tr>
<tr><th colspan="5">Play &#8212; passed</th></tr>
<tr class="passedodd"><td rowspan="2">feishuo.KyyAppUITest.Play</td><td><a href="#m-915093964"><b>testChange</b>  </a></td><td>unknown</td><td class="numi">1</td><td>1</td><td></td><td>1504583206344</td><td class="numi">38732</td></tr><tr class="passedodd"><td><a href="#m974873144"><b>testPlay</b>  </a></td><td>unknown</td><td class="numi">1</td><td>1</td><td></td><td>1504584238334</td><td class="numi">29848</td></tr>
<tr id="t4"><th colspan="5">Fighting &#8212; skipped</th></tr>
<tr class="skippedodd"><td>feishuo.KyyAppUITest.Fighting</td><td><a href="#m-1713195434"><b>testPlay</b>  </a></td><td>unknown</td><td class="numi">1</td><td></td><td></td><td>1504584354433</td><td class="numi">0</td></tr>
<tr><th colspan="5">Fighting &#8212; failed (configuration methods)</th></tr>
<tr class="failedodd"><td>feishuo.KyyAppUITest.Fighting</td><td><a href="#m-456965619"><b>setUp</b>  </a></td><td>unknown</td><td class="numi">1</td><td></td><td></td><td>1504584354193</td><td class="numi">238</td></tr>
<tr id="t5"><th colspan="5">Me &#8212; skipped (configuration methods)</th></tr>
<tr class="skippedodd"><td>feishuo.KyyAppUITest.Me</td><td><a href="#m2028852115"><b>setUp</b>  </a></td><td>unknown</td><td class="numi">4</td><td></td><td></td><td>1504584354849</td><td class="numi">6</td></tr>
<tr class="skippedeven"><td>feishuo.KyyAppUITest.Set</td><td><a href="#m-514961597"><b>setUp</b>  </a></td><td>unknown</td><td class="numi">5</td><td></td><td></td><td>1504584355740</td><td class="numi">10</td></tr>
<tr class="skippedodd"><td>feishuo.KyyAppUITest.Prize</td><td><a href="#m-313727558"><b>tearDown</b>  </a></td><td>unknown</td><td class="numi">1</td><td></td><td></td><td>1504584355307</td><td class="numi">0</td></tr>
<tr><th colspan="5">Me &#8212; skipped</th></tr>
<tr class="skippedodd"><td>feishuo.KyyAppUITest.Me</td><td><a href="#m725493654"><b>testPrize</b>  </a></td><td>unknown</td><td class="numi">1</td><td></td><td></td><td>1504584354852</td><td class="numi">0</td></tr>
<tr class="skippedeven"><td rowspan="2">feishuo.KyyAppUITest.Set</td><td><a href="#m-1832643903"><b>testAbout</b>  </a></td><td>unknown</td><td class="numi">1</td><td></td><td></td><td>1504584355739</td><td class="numi">0</td></tr><tr class="skippedeven"><td><a href="#m216211222"><b>testWelcome</b>  </a></td><td>unknown</td><td class="numi">1</td><td></td><td></td><td>1504584355751</td><td class="numi">0</td></tr>
<tr class="skippedodd"><td>feishuo.KyyAppUITest.Me</td><td><a href="#m727822870"><b>testScore</b>  </a></td><td>unknown</td><td class="numi">1</td><td></td><td></td><td>1504584354854</td><td class="numi">0</td></tr>
<tr class="skippedeven"><td>feishuo.KyyAppUITest.Prize</td><td><a href="#m-71783382"><b>testBuy</b>  </a></td><td>unknown</td><td class="numi">1</td><td></td><td></td><td>1504584355305</td><td class="numi">0</td></tr>
<tr class="skippedodd"><td>feishuo.KyyAppUITest.Set</td><td><a href="#m-1830509183"><b>testClear</b>  </a></td><td>unknown</td><td class="numi">1</td><td></td><td></td><td>1504584355744</td><td class="numi">0</td></tr>
<tr class="skippedeven"><td rowspan="3">feishuo.KyyAppUITest.Me</td><td><a href="#m-1066318288"><b>testInformation</b>  </a></td><td>unknown</td><td class="numi">1</td><td></td><td></td><td>1504584354850</td><td class="numi">0</td></tr><tr class="skippedeven"><td><a href="#m497040777"><b>testBuy</b>  </a></td><td>unknown</td><td class="numi">1</td><td></td><td></td><td>1504584354848</td><td class="numi">0</td></tr><tr class="skippedeven"><td><a href="#m497056614"><b>testSet</b>  </a></td><td>unknown</td><td class="numi">1</td><td></td><td></td><td>1504584354860</td><td class="numi">0</td></tr>
<tr class="skippedodd"><td>feishuo.KyyAppUITest.Prize</td><td><a href="#m203712157"><b>testMore</b>  </a></td><td>unknown</td><td class="numi">1</td><td></td><td></td><td>1504584355306</td><td class="numi">0</td></tr>
<tr class="skippedeven"><td rowspan="3">feishuo.KyyAppUITest.Set</td><td><a href="#m-1326430637"><b>testProblem</b>  </a></td><td>unknown</td><td class="numi">1</td><td></td><td></td><td>1504584355749</td><td class="numi">0</td></tr><tr class="skippedeven"><td><a href="#m-1341832929"><b>testExitLogin</b>  </a></td><td>unknown</td><td class="numi">1</td><td></td><td></td><td>1504584355746</td><td class="numi">0</td></tr><tr class="skippedeven"><td><a href="#m633808776"><b>testChange</b>  </a></td><td>unknown</td><td class="numi">1</td><td></td><td></td><td>1504584355742</td><td class="numi">0</td></tr>
<tr><th colspan="5">Me &#8212; failed (configuration methods)</th></tr>
<tr class="failedodd"><td>feishuo.KyyAppUITest.Prize</td><td><a href="#m1460027955"><b>setUp</b>  </a></td><td>unknown</td><td class="numi">1</td><td></td><td></td><td>1504584354861</td><td class="numi">441</td></tr>
</table>
<h1>StudentLogin</h1>
<h2 id="m-2059928482" name="m-2059928482" >feishuo.KyyAppUITest.LoginStudent:testLogin_fail02</h2>
<table cellspacing="0" cellpadding="0" class="result">
<tr class="param"><th>Parameter #1</th></tr>
<tr class="param stripe"><td>{thPassid=888888, thUserid=1112300}</td>
</tr>
<tr><td>
角色选择学生<br/>
不存在的学生账号和存在的密码<br/>
判断能否登录<br/>
</td></tr>
</table>
<p class="totop"><a href="#summary">back to summary</a></p>
<h2 id="m-1404688489" name="m-1404688489" >feishuo.KyyAppUITest.LoginStudent:testLogin_fail01</h2>
<table cellspacing="0" cellpadding="0" class="result">
<tr class="param"><th>Parameter #1</th></tr>
<tr class="param stripe"><td>{thPassid=111111, thUserid=mmtest06}</td>
</tr>
<tr><td>
角色选择学生<br/>
输入正确的学生账号和错误的密码<br/>
判断能否登录<br/>
</td></tr>
</table>
<p class="totop"><a href="#summary">back to summary</a></p>
<h2 id="m859098449" name="m859098449" >feishuo.KyyAppUITest.LoginStudent:testLogin_fail02</h2>
<table cellspacing="0" cellpadding="0" class="result">
<tr class="param"><th>Parameter #1</th></tr>
<tr class="param stripe"><td>{thPassid=888888, thUserid=SeaCher}</td>
</tr>
<tr><td>
角色选择学生<br/>
不存在的学生账号和存在的密码<br/>
判断能否登录<br/>
</td></tr>
</table>
<p class="totop"><a href="#summary">back to summary</a></p>
<h2 id="m2110055486" name="m2110055486" >feishuo.KyyAppUITest.LoginStudent:testLogin_fail04</h2>
<table cellspacing="0" cellpadding="0" class="result">
<tr class="param"><th>Parameter #1</th></tr>
<tr class="param stripe"><td>{thPassid=, thUserid=student0001}</td>
</tr>
<tr><td>
角色选择学生<br/>
存在的学生账号和空的密码<br/>
判断能否登录<br/>
</td></tr>
</table>
<p class="totop"><a href="#summary">back to summary</a></p>
<h2 id="m-1164078508" name="m-1164078508" >feishuo.KyyAppUITest.LoginStudent:testLogin_fail01</h2>
<table cellspacing="0" cellpadding="0" class="result">
<tr class="param"><th>Parameter #1</th></tr>
<tr class="param stripe"><td>{thPassid=ACdwe, thUserid=mzls01}</td>
</tr>
<tr><td>
角色选择学生<br/>
输入正确的学生账号和错误的密码<br/>
判断能否登录<br/>
</td></tr>
</table>
<p class="totop"><a href="#summary">back to summary</a></p>
<h2 id="m-380999756" name="m-380999756" >feishuo.KyyAppUITest.LoginStudent:testLogin_fail01</h2>
<table cellspacing="0" cellpadding="0" class="result">
<tr class="param"><th>Parameter #1</th></tr>
<tr class="param stripe"><td>{thPassid=123qw00Q, thUserid=student0001}</td>
</tr>
<tr><td>
角色选择学生<br/>
输入正确的学生账号和错误的密码<br/>
判断能否登录<br/>
</td></tr>
</table>
<p class="totop"><a href="#summary">back to summary</a></p>
<h2 id="m-1466059182" name="m-1466059182" >feishuo.KyyAppUITest.LoginStudent:testLogin_fail05</h2>
<table cellspacing="0" cellpadding="0" class="result">
<tr class="param"><th>Parameter #1</th></tr>
<tr class="param stripe"><td>{thPassid=888888, thUserid=梅州student01}</td>
</tr>
<tr><td>
角色选择学生<br/>
空的学生账号和密码<br/>
判断能否登录<br/>
</td></tr>
</table>
<p class="totop"><a href="#summary">back to summary</a></p>
<h2 id="m-2059928479" name="m-2059928479" >feishuo.KyyAppUITest.LoginStudent:testLogin_fail05</h2>
<table cellspacing="0" cellpadding="0" class="result">
<tr class="param"><th>Parameter #1</th></tr>
<tr class="param stripe"><td>{thPassid=888888, thUserid=1112300}</td>
</tr>
<tr><td>
角色选择学生<br/>
空的学生账号和密码<br/>
判断能否登录<br/>
</td></tr>
</table>
<p class="totop"><a href="#summary">back to summary</a></p>
<h2 id="m-1466059185" name="m-1466059185" >feishuo.KyyAppUITest.LoginStudent:testLogin_fail02</h2>
<table cellspacing="0" cellpadding="0" class="result">
<tr class="param"><th>Parameter #1</th></tr>
<tr class="param stripe"><td>{thPassid=888888, thUserid=梅州student01}</td>
</tr>
<tr><td>
角色选择学生<br/>
不存在的学生账号和存在的密码<br/>
判断能否登录<br/>
</td></tr>
</table>
<p class="totop"><a href="#summary">back to summary</a></p>
<h2 id="m2115972410" name="m2115972410" >feishuo.KyyAppUITest.LoginStudent:testLogin_fail04</h2>
<table cellspacing="0" cellpadding="0" class="result">
<tr class="param"><th>Parameter #1</th></tr>
<tr class="param stripe"><td>{thPassid=, thUserid=mmtest06}</td>
</tr>
<tr><td>
角色选择学生<br/>
存在的学生账号和空的密码<br/>
判断能否登录<br/>
</td></tr>
</table>
<p class="totop"><a href="#summary">back to summary</a></p>
<h2 id="m-1579627071" name="m-1579627071" >feishuo.KyyAppUITest.LoginStudent:testLogin_OK</h2>
<table cellspacing="0" cellpadding="0" class="result">
<tr class="param"><th>Parameter #1</th></tr>
<tr class="param stripe"><td>{thPassid=888888, thUserid=mzls01}</td>
</tr>
<tr><td>
角色选择学生<br/>
输入正确的账号和正确的密码<br/>
按返回键，取消修改密码提示框<br/>
按返回键，取消订购提示框<br/>
进入首页<br/>
我的<br/>
设置<br/>
退出登录<br/>
</td></tr>
</table>
<p class="totop"><a href="#summary">back to summary</a></p>
<h2 id="m-1171545977" name="m-1171545977" >feishuo.KyyAppUITest.LoginStudent:testLogin_fail04</h2>
<table cellspacing="0" cellpadding="0" class="result">
<tr class="param"><th>Parameter #1</th></tr>
<tr class="param stripe"><td>{thPassid=, thUserid=mzls01}</td>
</tr>
<tr><td>
角色选择学生<br/>
存在的学生账号和空的密码<br/>
判断能否登录<br/>
</td></tr>
</table>
<p class="totop"><a href="#summary">back to summary</a></p>
<h2 id="m1707891316" name="m1707891316" >feishuo.KyyAppUITest.LoginStudent:testLogin_OK</h2>
<table cellspacing="0" cellpadding="0" class="result">
<tr class="param"><th>Parameter #1</th></tr>
<tr class="param stripe"><td>{thPassid=888888, thUserid=mmtest06}</td>
</tr>
<tr><td>
角色选择学生<br/>
输入正确的账号和正确的密码<br/>
按返回键，取消修改密码提示框<br/>
按返回键，取消订购提示框<br/>
进入首页<br/>
我的<br/>
设置<br/>
退出登录<br/>
</td></tr>
</table>
<p class="totop"><a href="#summary">back to summary</a></p>
<h2 id="m1701974392" name="m1701974392" >feishuo.KyyAppUITest.LoginStudent:testLogin_OK</h2>
<table cellspacing="0" cellpadding="0" class="result">
<tr class="param"><th>Parameter #1</th></tr>
<tr class="param stripe"><td>{thPassid=888888, thUserid=student0001}</td>
</tr>
<tr><td>
角色选择学生<br/>
输入正确的账号和正确的密码<br/>
按返回键，取消修改密码提示框<br/>
按返回键，取消订购提示框<br/>
进入首页<br/>
我的<br/>
设置<br/>
退出登录<br/>
</td></tr>
</table>
<p class="totop"><a href="#summary">back to summary</a></p>
<h2 id="m859098452" name="m859098452" >feishuo.KyyAppUITest.LoginStudent:testLogin_fail05</h2>
<table cellspacing="0" cellpadding="0" class="result">
<tr class="param"><th>Parameter #1</th></tr>
<tr class="param stripe"><td>{thPassid=888888, thUserid=SeaCher}</td>
</tr>
<tr><td>
角色选择学生<br/>
空的学生账号和密码<br/>
判断能否登录<br/>
</td></tr>
</table>
<p class="totop"><a href="#summary">back to summary</a></p>
<h1>HomePage</h1>
<h2 id="m-1366420916" name="m-1366420916" >feishuo.KyyAppUITest.Train:testTrainWord</h2>
<div>
<h3>Test Messages</h3>
如果进入了单元列表，可直接选单元<br/>
RunCount=2<br/>
<h3>Failure</h3>
<div class="stacktrace">java.lang.IndexOutOfBoundsException: Index: 2, Size: 0
	at java.util.ArrayList.rangeCheck(ArrayList.java:653)
	at java.util.ArrayList.get(ArrayList.java:429)
	at feishuo.KyyAppUITest.UIBooklist.Unit(UIBooklist.java:26)
	at feishuo.KyyAppUITest.Train.testTrainWord(Train.java:73)
... Removed 25 stack frames</div>
</div>
<p class="totop"><a href="#summary">back to summary</a></p>
<h2 id="m1973136558" name="m1973136558" >feishuo.KyyAppUITest.Cartoon:testCartoon</h2>
<div>
<h3>Test Messages</h3>
下载卡通,等待30秒以内下载完<br/>
播放卡通<br/>
按返回键，退出播放，返回卡通列表<br/>
点击年级段<br/>
点击1~3年级<br/>
点击年级段<br/>
RunCount=2<br/>
<h3>Failure</h3>
<div class="stacktrace">org.openqa.selenium.NoSuchElementException: An element could not be located on the page using the given search parameters. (WARNING: The server did not provide any stacktrace information)
Command duration or timeout: 30.88 seconds
For documentation on this error, please visit: http://seleniumhq.org/exceptions/no_such_element.html
Build info: version: &apos;3.4.0&apos;, revision: &apos;unknown&apos;, time: &apos;unknown&apos;
System info: host: &apos;DESKTOP-8ECR7HO&apos;, ip: &apos;192.168.1.9&apos;, os.name: &apos;Windows 10&apos;, os.arch: &apos;amd64&apos;, os.version: &apos;10.0&apos;, java.version: &apos;1.8.0_121&apos;
Driver info: io.appium.java_client.android.AndroidDriver
Capabilities [{appPackage=com.kouyuyi.kyystuapp, networkConnectionEnabled=true, warnings={}, appWaitActivity=.activity.LoginActivity, databaseEnabled=false, deviceName=1L520W120468, platform=LINUX, appActivity=com.kouyuyi.kyystuapp.zj.MainActivity, desired={appPackage=com.kouyuyi.kyystuapp, appActivity=com.kouyuyi.kyystuapp.zj.MainActivity, platformVersion=4.4.4, automationName=Appium, appWaitActivity=.activity.LoginActivity, sessionOverride=true, unicodeKeyboard=true, platformName=Android, udid=1L520W120468, deviceName=HM 2A, resetKeyboard=true}, platformVersion=4.4.4, webStorageEnabled=false, locationContextEnabled=false, automationName=Appium, browserName=Android, takesScreenshot=true, javascriptEnabled=true, sessionOverride=true, unicodeKeyboard=true, platformName=Android, udid=1L520W120468, resetKeyboard=true}]
Session ID: 737d6fc9-ae76-4f4e-a614-456938740c89
*** Element info: {Using=name, value=初中阶段}
	at org.openqa.selenium.remote.ErrorHandler.createThrowable(ErrorHandler.java:215)
	at org.openqa.selenium.remote.ErrorHandler.throwIfResponseFailed(ErrorHandler.java:167)
	at org.openqa.selenium.remote.RemoteWebDriver.execute(RemoteWebDriver.java:671)
	at io.appium.java_client.DefaultGenericMobileDriver.execute(DefaultGenericMobileDriver.java:42)
	at io.appium.java_client.AppiumDriver.execute(AppiumDriver.java:1)
	at io.appium.java_client.android.AndroidDriver.execute(AndroidDriver.java:1)
	at org.openqa.selenium.remote.RemoteWebDriver.findElement(RemoteWebDriver.java:410)
	at io.appium.java_client.DefaultGenericMobileDriver.findElement(DefaultGenericMobileDriver.java:62)
	at io.appium.java_client.AppiumDriver.findElement(AppiumDriver.java:1)
	at io.appium.java_client.android.AndroidDriver.findElement(AndroidDriver.java:1)
	at org.openqa.selenium.remote.RemoteWebDriver.findElementByName(RemoteWebDriver.java:485)
	at io.appium.java_client.DefaultGenericMobileDriver.findElementByName(DefaultGenericMobileDriver.java:110)
	at io.appium.java_client.AppiumDriver.findElementByName(AppiumDriver.java:1)
	at io.appium.java_client.android.AndroidDriver.findElementByName(AndroidDriver.java:1)
	at feishuo.KyyAppUITest.UICartoon.Grade_7_9(UICartoon.java:54)
	at feishuo.KyyAppUITest.Cartoon.testCartoon(Cartoon.java:65)
... Removed 28 stack frames</div>
</div>
<p class="totop"><a href="#summary">back to summary</a></p>
<h2 id="m-1324573328" name="m-1324573328" >feishuo.KyyAppUITest.HomePage:testPast</h2>
<div>
<h3>Test Messages</h3>
RunCount=2<br/>
<h3>Failure</h3>
<div class="stacktrace">org.openqa.selenium.NoSuchElementException: An element could not be located on the page using the given search parameters. (WARNING: The server did not provide any stacktrace information)
Command duration or timeout: 10.43 seconds
For documentation on this error, please visit: http://seleniumhq.org/exceptions/no_such_element.html
Build info: version: &apos;3.4.0&apos;, revision: &apos;unknown&apos;, time: &apos;unknown&apos;
System info: host: &apos;DESKTOP-8ECR7HO&apos;, ip: &apos;192.168.1.9&apos;, os.name: &apos;Windows 10&apos;, os.arch: &apos;amd64&apos;, os.version: &apos;10.0&apos;, java.version: &apos;1.8.0_121&apos;
Driver info: io.appium.java_client.android.AndroidDriver
Capabilities [{appPackage=com.kouyuyi.kyystuapp, networkConnectionEnabled=true, warnings={}, appWaitActivity=.activity.LoginActivity, databaseEnabled=false, deviceName=1L520W120468, platform=LINUX, appActivity=com.kouyuyi.kyystuapp.zj.MainActivity, desired={appPackage=com.kouyuyi.kyystuapp, appActivity=com.kouyuyi.kyystuapp.zj.MainActivity, platformVersion=4.4.4, automationName=Appium, appWaitActivity=.activity.LoginActivity, sessionOverride=true, unicodeKeyboard=true, platformName=Android, udid=1L520W120468, deviceName=HM 2A, resetKeyboard=true}, platformVersion=4.4.4, webStorageEnabled=false, locationContextEnabled=false, automationName=Appium, browserName=Android, takesScreenshot=true, javascriptEnabled=true, sessionOverride=true, unicodeKeyboard=true, platformName=Android, udid=1L520W120468, resetKeyboard=true}]
Session ID: 354e91cb-da1e-4063-ab89-66842a80fe03
*** Element info: {Using=id, value=com.kouyuyi.kyystuapp:id/old_tv}
	at org.openqa.selenium.remote.ErrorHandler.createThrowable(ErrorHandler.java:215)
	at org.openqa.selenium.remote.ErrorHandler.throwIfResponseFailed(ErrorHandler.java:167)
	at org.openqa.selenium.remote.RemoteWebDriver.execute(RemoteWebDriver.java:671)
	at io.appium.java_client.DefaultGenericMobileDriver.execute(DefaultGenericMobileDriver.java:42)
	at io.appium.java_client.AppiumDriver.execute(AppiumDriver.java:1)
	at io.appium.java_client.android.AndroidDriver.execute(AndroidDriver.java:1)
	at org.openqa.selenium.remote.RemoteWebDriver.findElement(RemoteWebDriver.java:410)
	at io.appium.java_client.DefaultGenericMobileDriver.findElement(DefaultGenericMobileDriver.java:62)
	at io.appium.java_client.AppiumDriver.findElement(AppiumDriver.java:1)
	at io.appium.java_client.android.AndroidDriver.findElement(AndroidDriver.java:1)
	at org.openqa.selenium.remote.RemoteWebDriver.findElementById(RemoteWebDriver.java:453)
	at io.appium.java_client.DefaultGenericMobileDriver.findElementById(DefaultGenericMobileDriver.java:70)
	at io.appium.java_client.AppiumDriver.findElementById(AppiumDriver.java:1)
	at io.appium.java_client.android.AndroidDriver.findElementById(AndroidDriver.java:1)
	at feishuo.KyyAppUITest.UIHomePage.Past(UIHomePage.java:41)
	at feishuo.KyyAppUITest.HomePage.testPast(HomePage.java:79)
... Removed 29 stack frames</div>
</div>
<p class="totop"><a href="#summary">back to summary</a></p>
<h2 id="m926257766" name="m926257766" >feishuo.KyyAppUITest.HomePage:testItemMiddle</h2>
<div>
<h3>Test Messages</h3>
同步训练<br/>
返回首页<br/>
RunCount=2<br/>
<h3>Failure</h3>
<div class="stacktrace">java.lang.IndexOutOfBoundsException: Index: 1, Size: 0
	at java.util.ArrayList.rangeCheck(ArrayList.java:653)
	at java.util.ArrayList.get(ArrayList.java:429)
	at feishuo.KyyAppUITest.UIHomePage.Exercise(UIHomePage.java:24)
	at feishuo.KyyAppUITest.HomePage.testItemMiddle(HomePage.java:56)
... Removed 25 stack frames</div>
</div>
<p class="totop"><a href="#summary">back to summary</a></p>
<h2 id="m-1366519697" name="m-1366519697" >feishuo.KyyAppUITest.Train:testTrainText</h2>
<div>
<h3>Test Messages</h3>
如果进入了单元列表，可直接选单元<br/>
选择第3单元<br/>
点击课文练习<br/>
批量下载<br/>
选择第1Part<br/>
RunCount=2<br/>
<h3>Failure</h3>
<div class="stacktrace">org.openqa.selenium.NoSuchElementException: An element could not be located on the page using the given search parameters. (WARNING: The server did not provide any stacktrace information)
Command duration or timeout: 10.36 seconds
For documentation on this error, please visit: http://seleniumhq.org/exceptions/no_such_element.html
Build info: version: &apos;3.4.0&apos;, revision: &apos;unknown&apos;, time: &apos;unknown&apos;
System info: host: &apos;DESKTOP-8ECR7HO&apos;, ip: &apos;192.168.1.9&apos;, os.name: &apos;Windows 10&apos;, os.arch: &apos;amd64&apos;, os.version: &apos;10.0&apos;, java.version: &apos;1.8.0_121&apos;
Driver info: io.appium.java_client.android.AndroidDriver
Capabilities [{appPackage=com.kouyuyi.kyystuapp, networkConnectionEnabled=true, warnings={}, appWaitActivity=.activity.LoginActivity, databaseEnabled=false, deviceName=1L520W120468, platform=LINUX, appActivity=com.kouyuyi.kyystuapp.zj.MainActivity, desired={appPackage=com.kouyuyi.kyystuapp, appActivity=com.kouyuyi.kyystuapp.zj.MainActivity, platformVersion=4.4.4, automationName=Appium, appWaitActivity=.activity.LoginActivity, sessionOverride=true, unicodeKeyboard=true, platformName=Android, udid=1L520W120468, deviceName=HM 2A, resetKeyboard=true}, platformVersion=4.4.4, webStorageEnabled=false, locationContextEnabled=false, automationName=Appium, browserName=Android, takesScreenshot=true, javascriptEnabled=true, sessionOverride=true, unicodeKeyboard=true, platformName=Android, udid=1L520W120468, resetKeyboard=true}]
Session ID: a36bd95a-b520-4aeb-8ce5-96e3eb429ccf
*** Element info: {Using=id, value=com.kouyuyi.kyystuapp:id/conversation_layout}
	at org.openqa.selenium.remote.ErrorHandler.createThrowable(ErrorHandler.java:215)
	at org.openqa.selenium.remote.ErrorHandler.throwIfResponseFailed(ErrorHandler.java:167)
	at org.openqa.selenium.remote.RemoteWebDriver.execute(RemoteWebDriver.java:671)
	at io.appium.java_client.DefaultGenericMobileDriver.execute(DefaultGenericMobileDriver.java:42)
	at io.appium.java_client.AppiumDriver.execute(AppiumDriver.java:1)
	at io.appium.java_client.android.AndroidDriver.execute(AndroidDriver.java:1)
	at org.openqa.selenium.remote.RemoteWebDriver.findElement(RemoteWebDriver.java:410)
	at io.appium.java_client.DefaultGenericMobileDriver.findElement(DefaultGenericMobileDriver.java:62)
	at io.appium.java_client.AppiumDriver.findElement(AppiumDriver.java:1)
	at io.appium.java_client.android.AndroidDriver.findElement(AndroidDriver.java:1)
	at org.openqa.selenium.remote.RemoteWebDriver.findElementById(RemoteWebDriver.java:453)
	at io.appium.java_client.DefaultGenericMobileDriver.findElementById(DefaultGenericMobileDriver.java:70)
	at io.appium.java_client.AppiumDriver.findElementById(AppiumDriver.java:1)
	at io.appium.java_client.android.AndroidDriver.findElementById(AndroidDriver.java:1)
	at feishuo.KyyAppUITest.UIBooklist.Play(UIBooklist.java:78)
	at feishuo.KyyAppUITest.Train.testTrainText(Train.java:157)
... Removed 29 stack frames</div>
</div>
<p class="totop"><a href="#summary">back to summary</a></p>
<h2 id="m-36076739" name="m-36076739" >feishuo.KyyAppUITest.Exercise:testSpecial</h2>
<div>
进入了单元列表，可直接选单元<br/>
专项练习<br/>
选择第1单元<br/>
题目总数i=15<br/>
第0题<br/>
选择题<br/>
点击A<br/>
第1题<br/>
选择题<br/>
点击A<br/>
第2题<br/>
选择题<br/>
点击A<br/>
第3题<br/>
选择题<br/>
点击A<br/>
第4题<br/>
选择题<br/>
点击A<br/>
第5题<br/>
选择题<br/>
点击A<br/>
第6题<br/>
选择题<br/>
点击A<br/>
第7题<br/>
选择题<br/>
点击A<br/>
第8题<br/>
选择题<br/>
点击A<br/>
第9题<br/>
选择题<br/>
点击A<br/>
第10题<br/>
选择题<br/>
点击A<br/>
第11题<br/>
选择题<br/>
点击A<br/>
第12题<br/>
选择题<br/>
点击A<br/>
第13题<br/>
选择题<br/>
点击A<br/>
第14题<br/>
填空题<br/>
获取有1个填空框<br/>
第0个填空框<br/>
输入666<br/>
往左划一下进入下题<br/>
提交并查看练习报告和解析<br/>
错题解析<br/>
全部解析<br/>
返回单元列表<br/>
</div>
<p class="totop"><a href="#summary">back to summary</a></p>
<h2 id="m-412753809" name="m-412753809" >feishuo.KyyAppUITest.Exercise:testListen</h2>
<div>
进入了单元列表，可直接选单元<br/>
选择第1单元<br/>
点击听力练习<br/>
没有习题<br/>
返回单元同步列表<br/>
</div>
<p class="totop"><a href="#summary">back to summary</a></p>
<h2 id="m-1682558059" name="m-1682558059" >feishuo.KyyAppUITest.Topic:testChange</h2>
<div>
如果进入了目录，要先选书本再选单元<br/>
选择2年级和第1个话题<br/>
选择第2单元<br/>
返回单元列表<br/>
点击书本名<br/>
选择3年级和第1个话题<br/>
选择单元<br/>
返回单元列表<br/>
点击书本名<br/>
选择2年级和第1话题<br/>
选择第1单元<br/>
返回单元列表<br/>
</div>
<p class="totop"><a href="#summary">back to summary</a></p>
<h2 id="m-1682064683" name="m-1682064683" >feishuo.KyyAppUITest.Train:testChoose</h2>
<div>
如果进入了单元列表，可直接选单元<br/>
选择第3单元<br/>
点击取消<br/>
</div>
<p class="totop"><a href="#summary">back to summary</a></p>
<h2 id="m1177421283" name="m1177421283" >feishuo.KyyAppUITest.Exercise:testWrite</h2>
<div>
进入了单元列表，可直接选单元<br/>
单元同步<br/>
选择第1单元<br/>
笔试练习<br/>
题目总数i=15<br/>
第0题<br/>
选择题<br/>
点击A<br/>
第1题<br/>
选择题<br/>
点击A<br/>
第2题<br/>
选择题<br/>
点击A<br/>
第3题<br/>
选择题<br/>
点击A<br/>
第4题<br/>
选择题<br/>
点击A<br/>
第5题<br/>
选择题<br/>
点击A<br/>
第6题<br/>
选择题<br/>
点击A<br/>
第7题<br/>
选择题<br/>
点击A<br/>
第8题<br/>
选择题<br/>
点击A<br/>
第9题<br/>
选择题<br/>
点击A<br/>
第10题<br/>
选择题<br/>
点击A<br/>
第11题<br/>
选择题<br/>
点击A<br/>
第12题<br/>
选择题<br/>
点击A<br/>
第13题<br/>
选择题<br/>
点击A<br/>
第14题<br/>
选择题<br/>
点击A<br/>
提交并查看练习报告和解析<br/>
错题解析<br/>
全部解析<br/>
返回单元同步列表<br/>
</div>
<p class="totop"><a href="#summary">back to summary</a></p>
<h2 id="m-1682483090" name="m-1682483090" >feishuo.KyyAppUITest.Train:testChange</h2>
<div>
如果进入了目录，要先选书本再选单元<br/>
选择第2年级和第3本书<br/>
选择第3单元<br/>
点击取消<br/>
点击书本名<br/>
选择3年级和第1本书<br/>
选择第2单元<br/>
点击取消<br/>
点击书本名<br/>
选择2年级和第2本书<br/>
选择第1单元<br/>
点击取消<br/>
</div>
<p class="totop"><a href="#summary">back to summary</a></p>
<h2 id="m617370364" name="m617370364" >feishuo.KyyAppUITest.HomePage:testItemBottom</h2>
<div>
点击我的<br/>
判断标题是否我的<br/>
点击评测<br/>
判断标题是否评测<br/>
点击播放<br/>
判断标题是否我的播放<br/>
点击返回<br/>
点击作业<br/>
判断标题是否作业<br/>
点击首页<br/>
判断标题是否首页<br/>
</div>
<p class="totop"><a href="#summary">back to summary</a></p>
<h2 id="m-1682139652" name="m-1682139652" >feishuo.KyyAppUITest.Topic:testChoose</h2>
<div>
如果进入了单元列表，可直接选单元<br/>
选择第2单元<br/>
批量下载<br/>
所有素材已下载完毕提示框<br/>
选择第1Part<br/>
播放/停止播放句子<br/>
录音<br/>
判断是否有录音按钮<br/>
播放列表-点击底部的播放按钮<br/>
返回Part<br/>
批量删除<br/>
取消删除<br/>
批量删除<br/>
确定删除<br/>
返回单元列表<br/>
</div>
<p class="totop"><a href="#summary">back to summary</a></p>
<h2 id="m-671463233" name="m-671463233" >feishuo.KyyAppUITest.Exercise:testChoose</h2>
<div>
进入了目录，要先选书本再选单元<br/>
选择8年级和第1本书<br/>
选择第1单元<br/>
点击取消练习<br/>
更换教材<br/>
选择9年级和第1本书<br/>
更换教材<br/>
选择7年级和第1本书<br/>
</div>
<p class="totop"><a href="#summary">back to summary</a></p>
<h1>Play</h1>
<h2 id="m-2063864337" name="m-2063864337" >feishuo.KyyAppUITest.Play:setUp</h2>
<div>
<h3>Test Messages</h3>
角色选择学生<br/>
登录学生账号未订购：mzls01<br/>
按返回键，取消修改密码提示框<br/>
按返回键，取消订购提示框<br/>
<h3>Failure</h3>
<div class="stacktrace">org.openqa.selenium.NoSuchElementException: An element could not be located on the page using the given search parameters. (WARNING: The server did not provide any stacktrace information)
Command duration or timeout: 30.14 seconds
For documentation on this error, please visit: http://seleniumhq.org/exceptions/no_such_element.html
Build info: version: &apos;3.4.0&apos;, revision: &apos;unknown&apos;, time: &apos;unknown&apos;
System info: host: &apos;DESKTOP-8ECR7HO&apos;, ip: &apos;192.168.1.9&apos;, os.name: &apos;Windows 10&apos;, os.arch: &apos;amd64&apos;, os.version: &apos;10.0&apos;, java.version: &apos;1.8.0_121&apos;
Driver info: io.appium.java_client.android.AndroidDriver
Capabilities [{appPackage=com.kouyuyi.kyystuapp, networkConnectionEnabled=true, warnings={}, appWaitActivity=.activity.LoginActivity, databaseEnabled=false, deviceName=1L520W120468, platform=LINUX, appActivity=com.kouyuyi.kyystuapp.zj.MainActivity, desired={appPackage=com.kouyuyi.kyystuapp, appActivity=com.kouyuyi.kyystuapp.zj.MainActivity, platformVersion=4.4.4, automationName=Appium, appWaitActivity=.activity.LoginActivity, sessionOverride=true, unicodeKeyboard=true, platformName=Android, udid=1L520W120468, deviceName=HM 2A, resetKeyboard=true}, platformVersion=4.4.4, webStorageEnabled=false, locationContextEnabled=false, automationName=Appium, browserName=Android, takesScreenshot=true, javascriptEnabled=true, sessionOverride=true, unicodeKeyboard=true, platformName=Android, udid=1L520W120468, resetKeyboard=true}]
Session ID: bda8e8ac-792f-428b-97eb-1b887686b7ca
*** Element info: {Using=id, value=com.kouyuyi.kyystuapp:id/title_view}
	at org.openqa.selenium.remote.ErrorHandler.createThrowable(ErrorHandler.java:215)
	at org.openqa.selenium.remote.ErrorHandler.throwIfResponseFailed(ErrorHandler.java:167)
	at org.openqa.selenium.remote.RemoteWebDriver.execute(RemoteWebDriver.java:671)
	at io.appium.java_client.DefaultGenericMobileDriver.execute(DefaultGenericMobileDriver.java:42)
	at io.appium.java_client.AppiumDriver.execute(AppiumDriver.java:1)
	at io.appium.java_client.android.AndroidDriver.execute(AndroidDriver.java:1)
	at org.openqa.selenium.remote.RemoteWebDriver.findElement(RemoteWebDriver.java:410)
	at io.appium.java_client.DefaultGenericMobileDriver.findElement(DefaultGenericMobileDriver.java:62)
	at io.appium.java_client.AppiumDriver.findElement(AppiumDriver.java:1)
	at io.appium.java_client.android.AndroidDriver.findElement(AndroidDriver.java:1)
	at org.openqa.selenium.remote.RemoteWebDriver.findElementById(RemoteWebDriver.java:453)
	at io.appium.java_client.DefaultGenericMobileDriver.findElementById(DefaultGenericMobileDriver.java:70)
	at io.appium.java_client.AppiumDriver.findElementById(AppiumDriver.java:1)
	at io.appium.java_client.android.AndroidDriver.findElementById(AndroidDriver.java:1)
	at feishuo.KyyAppUITest.Play.setUp(Play.java:41)
... Removed 30 stack frames</div>
</div>
<p class="totop"><a href="#summary">back to summary</a></p>
<h2 id="m930566785" name="m930566785" >feishuo.KyyAppUITest.Play:testStatu</h2>
<div>
<div class="stacktrace">org.openqa.selenium.NoSuchElementException: An element could not be located on the page using the given search parameters. (WARNING: The server did not provide any stacktrace information)
Command duration or timeout: 30.14 seconds
For documentation on this error, please visit: http://seleniumhq.org/exceptions/no_such_element.html
Build info: version: &apos;3.4.0&apos;, revision: &apos;unknown&apos;, time: &apos;unknown&apos;
System info: host: &apos;DESKTOP-8ECR7HO&apos;, ip: &apos;192.168.1.9&apos;, os.name: &apos;Windows 10&apos;, os.arch: &apos;amd64&apos;, os.version: &apos;10.0&apos;, java.version: &apos;1.8.0_121&apos;
Driver info: io.appium.java_client.android.AndroidDriver
Capabilities [{appPackage=com.kouyuyi.kyystuapp, networkConnectionEnabled=true, warnings={}, appWaitActivity=.activity.LoginActivity, databaseEnabled=false, deviceName=1L520W120468, platform=LINUX, appActivity=com.kouyuyi.kyystuapp.zj.MainActivity, desired={appPackage=com.kouyuyi.kyystuapp, appActivity=com.kouyuyi.kyystuapp.zj.MainActivity, platformVersion=4.4.4, automationName=Appium, appWaitActivity=.activity.LoginActivity, sessionOverride=true, unicodeKeyboard=true, platformName=Android, udid=1L520W120468, deviceName=HM 2A, resetKeyboard=true}, platformVersion=4.4.4, webStorageEnabled=false, locationContextEnabled=false, automationName=Appium, browserName=Android, takesScreenshot=true, javascriptEnabled=true, sessionOverride=true, unicodeKeyboard=true, platformName=Android, udid=1L520W120468, resetKeyboard=true}]
Session ID: bda8e8ac-792f-428b-97eb-1b887686b7ca
*** Element info: {Using=id, value=com.kouyuyi.kyystuapp:id/title_view}
	at org.openqa.selenium.remote.ErrorHandler.createThrowable(ErrorHandler.java:215)
	at org.openqa.selenium.remote.ErrorHandler.throwIfResponseFailed(ErrorHandler.java:167)
	at org.openqa.selenium.remote.RemoteWebDriver.execute(RemoteWebDriver.java:671)
	at io.appium.java_client.DefaultGenericMobileDriver.execute(DefaultGenericMobileDriver.java:42)
	at io.appium.java_client.AppiumDriver.execute(AppiumDriver.java:1)
	at io.appium.java_client.android.AndroidDriver.execute(AndroidDriver.java:1)
	at org.openqa.selenium.remote.RemoteWebDriver.findElement(RemoteWebDriver.java:410)
	at io.appium.java_client.DefaultGenericMobileDriver.findElement(DefaultGenericMobileDriver.java:62)
	at io.appium.java_client.AppiumDriver.findElement(AppiumDriver.java:1)
	at io.appium.java_client.android.AndroidDriver.findElement(AndroidDriver.java:1)
	at org.openqa.selenium.remote.RemoteWebDriver.findElementById(RemoteWebDriver.java:453)
	at io.appium.java_client.DefaultGenericMobileDriver.findElementById(DefaultGenericMobileDriver.java:70)
	at io.appium.java_client.AppiumDriver.findElementById(AppiumDriver.java:1)
	at io.appium.java_client.android.AndroidDriver.findElementById(AndroidDriver.java:1)
	at feishuo.KyyAppUITest.Play.setUp(Play.java:41)
... Removed 30 stack frames</div>
</div>
<p class="totop"><a href="#summary">back to summary</a></p>
<h2 id="m974751650" name="m974751650" >feishuo.KyyAppUITest.Play:testList</h2>
<div>
<h3>Test Messages</h3>
点击删除<br/>
点击确定<br/>
如果进入了播放，可直接下载<br/>
下载音频<br/>
下载音频<br/>
下载音频<br/>
下载音频<br/>
下载音频<br/>
下载音频<br/>
下载音频<br/>
下载音频<br/>
下载音频<br/>
下载音频<br/>
下载音频<br/>
下载音频<br/>
下载音频<br/>
下载音频<br/>
下载音频<br/>
下载音频<br/>
下载音频<br/>
下载音频<br/>
下载音频<br/>
下载音频<br/>
下载音频<br/>
下载音频<br/>
下载音频<br/>
下载音频<br/>
下载音频<br/>
下载音频<br/>
下载音频<br/>
下载音频<br/>
下载音频<br/>
下载音频<br/>
下载音频<br/>
下载音频<br/>
下载音频<br/>
下载音频<br/>
下载音频<br/>
下载音频<br/>
下载音频<br/>
下载音频<br/>
下载音频<br/>
下载音频<br/>
下载音频<br/>
下载音频<br/>
下载音频<br/>
下载音频<br/>
下载音频<br/>
下载音频<br/>
下载音频<br/>
下载音频<br/>
下载音频<br/>
下载音频<br/>
下载音频<br/>
下载音频<br/>
下载音频<br/>
下载音频<br/>
下载音频<br/>
下载音频<br/>
下载音频<br/>
下载音频<br/>
下载音频<br/>
下载音频<br/>
下载音频<br/>
下载音频<br/>
下载音频<br/>
下载音频<br/>
下载音频<br/>
下载音频<br/>
下载音频<br/>
下载音频<br/>
RunCount=2<br/>
<h3>Failure</h3>
<div class="stacktrace">org.openqa.selenium.NoSuchElementException: An element could not be located on the page using the given search parameters. (WARNING: The server did not provide any stacktrace information)
Command duration or timeout: 10.72 seconds
For documentation on this error, please visit: http://seleniumhq.org/exceptions/no_such_element.html
Build info: version: &apos;3.4.0&apos;, revision: &apos;unknown&apos;, time: &apos;unknown&apos;
System info: host: &apos;DESKTOP-8ECR7HO&apos;, ip: &apos;192.168.1.9&apos;, os.name: &apos;Windows 10&apos;, os.arch: &apos;amd64&apos;, os.version: &apos;10.0&apos;, java.version: &apos;1.8.0_121&apos;
Driver info: io.appium.java_client.android.AndroidDriver
Capabilities [{appPackage=com.kouyuyi.kyystuapp, networkConnectionEnabled=true, warnings={}, appWaitActivity=.activity.LoginActivity, databaseEnabled=false, deviceName=1L520W120468, platform=LINUX, appActivity=com.kouyuyi.kyystuapp.zj.MainActivity, desired={appPackage=com.kouyuyi.kyystuapp, appActivity=com.kouyuyi.kyystuapp.zj.MainActivity, platformVersion=4.4.4, automationName=Appium, appWaitActivity=.activity.LoginActivity, sessionOverride=true, unicodeKeyboard=true, platformName=Android, udid=1L520W120468, deviceName=HM 2A, resetKeyboard=true}, platformVersion=4.4.4, webStorageEnabled=false, locationContextEnabled=false, automationName=Appium, browserName=Android, takesScreenshot=true, javascriptEnabled=true, sessionOverride=true, unicodeKeyboard=true, platformName=Android, udid=1L520W120468, resetKeyboard=true}]
Session ID: a4a95f2a-43ef-4347-8f11-a39dc40095d7
*** Element info: {Using=id, value=com.kouyuyi.kyystuapp:id/item_checkbox}
	at org.openqa.selenium.remote.ErrorHandler.createThrowable(ErrorHandler.java:215)
	at org.openqa.selenium.remote.ErrorHandler.throwIfResponseFailed(ErrorHandler.java:167)
	at org.openqa.selenium.remote.RemoteWebDriver.execute(RemoteWebDriver.java:671)
	at io.appium.java_client.DefaultGenericMobileDriver.execute(DefaultGenericMobileDriver.java:42)
	at io.appium.java_client.AppiumDriver.execute(AppiumDriver.java:1)
	at io.appium.java_client.android.AndroidDriver.execute(AndroidDriver.java:1)
	at org.openqa.selenium.remote.RemoteWebDriver.findElement(RemoteWebDriver.java:410)
	at io.appium.java_client.DefaultGenericMobileDriver.findElement(DefaultGenericMobileDriver.java:62)
	at io.appium.java_client.AppiumDriver.findElement(AppiumDriver.java:1)
	at io.appium.java_client.android.AndroidDriver.findElement(AndroidDriver.java:1)
	at org.openqa.selenium.remote.RemoteWebDriver.findElementById(RemoteWebDriver.java:453)
	at io.appium.java_client.DefaultGenericMobileDriver.findElementById(DefaultGenericMobileDriver.java:70)
	at io.appium.java_client.AppiumDriver.findElementById(AppiumDriver.java:1)
	at io.appium.java_client.android.AndroidDriver.findElementById(AndroidDriver.java:1)
	at feishuo.KyyAppUITest.UIPlay.Check(UIPlay.java:62)
	at feishuo.KyyAppUITest.Play.testList(Play.java:199)
... Removed 28 stack frames</div>
</div>
<p class="totop"><a href="#summary">back to summary</a></p>
<h2 id="m974751650" name="m974751650" >feishuo.KyyAppUITest.Play:testList</h2>
<div>
点击删除<br/>
点击确定<br/>
如果进入了播放，可直接下载<br/>
下载音频<br/>
下载音频<br/>
下载音频<br/>
下载音频<br/>
下载音频<br/>
下载音频<br/>
下载音频<br/>
下载音频<br/>
下载音频<br/>
下载音频<br/>
下载音频<br/>
下载音频<br/>
下载音频<br/>
下载音频<br/>
下载音频<br/>
下载音频<br/>
下载音频<br/>
下载音频<br/>
下载音频<br/>
下载音频<br/>
下载音频<br/>
下载音频<br/>
下载音频<br/>
下载音频<br/>
下载音频<br/>
下载音频<br/>
下载音频<br/>
下载音频<br/>
下载音频<br/>
下载音频<br/>
下载音频<br/>
下载音频<br/>
下载音频<br/>
下载音频<br/>
下载音频<br/>
下载音频<br/>
下载音频<br/>
下载音频<br/>
下载音频<br/>
下载音频<br/>
下载音频<br/>
下载音频<br/>
下载音频<br/>
下载音频<br/>
下载音频<br/>
下载音频<br/>
下载音频<br/>
勾选音频<br/>
点击播放<br/>
点击下一首按钮<br/>
点击上一首按钮<br/>
再次点击暂停播放<br/>
点击展开音频列表<br/>
再次点击收起音频列表<br/>
点击变成单循环播放<br/>
点击音频名播放<br/>
点击下一首按钮<br/>
点击上一首按钮<br/>
点击暂停播放<br/>
点击变成自定义播放<br/>
</div>
<p class="totop"><a href="#summary">back to summary</a></p>
<h2 id="m-915093964" name="m-915093964" >feishuo.KyyAppUITest.Play:testChange</h2>
<div>
删除按钮是否存在<br/>
点击删除<br/>
点击确定<br/>
点击删除<br/>
点击确定<br/>
如果进入了播放，可直接下载<br/>
选择下载1个音频<br/>
点击书本名更换教材<br/>
选择4年级和第2本书<br/>
选择下载1个音频<br/>
勾选1个音频<br/>
点击播放<br/>
再次点击暂停播放<br/>
</div>
<p class="totop"><a href="#summary">back to summary</a></p>
<h2 id="m974873144" name="m974873144" >feishuo.KyyAppUITest.Play:testPlay</h2>
<div>
删除按钮是否存在<br/>
点击删除<br/>
点击确定<br/>
点击删除<br/>
点击确定<br/>
点击删除<br/>
点击确定<br/>
点击删除<br/>
点击确定<br/>
如果进入了播放，可直接下载<br/>
选择下载1个音频<br/>
勾选1个音频<br/>
点击播放<br/>
再次点击暂停播放<br/>
</div>
<p class="totop"><a href="#summary">back to summary</a></p>
<h1>Fighting</h1>
<h2 id="m-456965619" name="m-456965619" >feishuo.KyyAppUITest.Fighting:setUp</h2>
<div>
<div class="stacktrace">org.openqa.selenium.SessionNotCreatedException: A new session could not be created. (Original error: Requested a new session but one was in progress) (WARNING: The server did not provide any stacktrace information)
Command duration or timeout: 0 milliseconds
Build info: version: &apos;3.4.0&apos;, revision: &apos;unknown&apos;, time: &apos;unknown&apos;
System info: host: &apos;DESKTOP-8ECR7HO&apos;, ip: &apos;192.168.1.9&apos;, os.name: &apos;Windows 10&apos;, os.arch: &apos;amd64&apos;, os.version: &apos;10.0&apos;, java.version: &apos;1.8.0_121&apos;
Driver info: driver.version: AndroidDriver
	at org.openqa.selenium.remote.ErrorHandler.createThrowable(ErrorHandler.java:215)
	at org.openqa.selenium.remote.ErrorHandler.throwIfResponseFailed(ErrorHandler.java:167)
	at io.appium.java_client.remote.AppiumProtocolHandShake.createSession(AppiumProtocolHandShake.java:161)
	at io.appium.java_client.remote.AppiumProtocolHandShake.createSession(AppiumProtocolHandShake.java:76)
	at io.appium.java_client.remote.AppiumCommandExecutor.doExecute(AppiumCommandExecutor.java:111)
	at io.appium.java_client.remote.AppiumCommandExecutor.execute(AppiumCommandExecutor.java:162)
	at org.openqa.selenium.remote.RemoteWebDriver.execute(RemoteWebDriver.java:637)
	at io.appium.java_client.DefaultGenericMobileDriver.execute(DefaultGenericMobileDriver.java:42)
	at io.appium.java_client.AppiumDriver.execute(AppiumDriver.java:1)
	at io.appium.java_client.android.AndroidDriver.execute(AndroidDriver.java:1)
	at org.openqa.selenium.remote.RemoteWebDriver.startSession(RemoteWebDriver.java:250)
	at org.openqa.selenium.remote.RemoteWebDriver.startSession(RemoteWebDriver.java:236)
	at org.openqa.selenium.remote.RemoteWebDriver.&lt;init&gt;(RemoteWebDriver.java:137)
	at io.appium.java_client.DefaultGenericMobileDriver.&lt;init&gt;(DefaultGenericMobileDriver.java:38)
	at io.appium.java_client.AppiumDriver.&lt;init&gt;(AppiumDriver.java:88)
	at io.appium.java_client.AppiumDriver.&lt;init&gt;(AppiumDriver.java:112)
	at io.appium.java_client.android.AndroidDriver.&lt;init&gt;(AndroidDriver.java:73)
	at feishuo.KyyAppUITest.BaseTest.getAndroidDriver(BaseTest.java:56)
	at feishuo.KyyAppUITest.Fighting.setUp(Fighting.java:25)
... Removed 31 stack frames</div>
</div>
<p class="totop"><a href="#summary">back to summary</a></p>
<h2 id="m-1713195434" name="m-1713195434" >feishuo.KyyAppUITest.Fighting:testPlay</h2>
<div>
<div class="stacktrace">org.openqa.selenium.SessionNotCreatedException: A new session could not be created. (Original error: Requested a new session but one was in progress) (WARNING: The server did not provide any stacktrace information)
Command duration or timeout: 0 milliseconds
Build info: version: &apos;3.4.0&apos;, revision: &apos;unknown&apos;, time: &apos;unknown&apos;
System info: host: &apos;DESKTOP-8ECR7HO&apos;, ip: &apos;192.168.1.9&apos;, os.name: &apos;Windows 10&apos;, os.arch: &apos;amd64&apos;, os.version: &apos;10.0&apos;, java.version: &apos;1.8.0_121&apos;
Driver info: driver.version: AndroidDriver
	at org.openqa.selenium.remote.ErrorHandler.createThrowable(ErrorHandler.java:215)
	at org.openqa.selenium.remote.ErrorHandler.throwIfResponseFailed(ErrorHandler.java:167)
	at io.appium.java_client.remote.AppiumProtocolHandShake.createSession(AppiumProtocolHandShake.java:161)
	at io.appium.java_client.remote.AppiumProtocolHandShake.createSession(AppiumProtocolHandShake.java:76)
	at io.appium.java_client.remote.AppiumCommandExecutor.doExecute(AppiumCommandExecutor.java:111)
	at io.appium.java_client.remote.AppiumCommandExecutor.execute(AppiumCommandExecutor.java:162)
	at org.openqa.selenium.remote.RemoteWebDriver.execute(RemoteWebDriver.java:637)
	at io.appium.java_client.DefaultGenericMobileDriver.execute(DefaultGenericMobileDriver.java:42)
	at io.appium.java_client.AppiumDriver.execute(AppiumDriver.java:1)
	at io.appium.java_client.android.AndroidDriver.execute(AndroidDriver.java:1)
	at org.openqa.selenium.remote.RemoteWebDriver.startSession(RemoteWebDriver.java:250)
	at org.openqa.selenium.remote.RemoteWebDriver.startSession(RemoteWebDriver.java:236)
	at org.openqa.selenium.remote.RemoteWebDriver.&lt;init&gt;(RemoteWebDriver.java:137)
	at io.appium.java_client.DefaultGenericMobileDriver.&lt;init&gt;(DefaultGenericMobileDriver.java:38)
	at io.appium.java_client.AppiumDriver.&lt;init&gt;(AppiumDriver.java:88)
	at io.appium.java_client.AppiumDriver.&lt;init&gt;(AppiumDriver.java:112)
	at io.appium.java_client.android.AndroidDriver.&lt;init&gt;(AndroidDriver.java:73)
	at feishuo.KyyAppUITest.BaseTest.getAndroidDriver(BaseTest.java:56)
	at feishuo.KyyAppUITest.Fighting.setUp(Fighting.java:25)
... Removed 31 stack frames</div>
</div>
<p class="totop"><a href="#summary">back to summary</a></p>
<h1>Me</h1>
<h2 id="m2028852115" name="m2028852115" >feishuo.KyyAppUITest.Me:setUp</h2>
<div>
<div class="stacktrace">org.openqa.selenium.SessionNotCreatedException: A new session could not be created. (Original error: Requested a new session but one was in progress) (WARNING: The server did not provide any stacktrace information)
Command duration or timeout: 0 milliseconds
Build info: version: &apos;3.4.0&apos;, revision: &apos;unknown&apos;, time: &apos;unknown&apos;
System info: host: &apos;DESKTOP-8ECR7HO&apos;, ip: &apos;192.168.1.9&apos;, os.name: &apos;Windows 10&apos;, os.arch: &apos;amd64&apos;, os.version: &apos;10.0&apos;, java.version: &apos;1.8.0_121&apos;
Driver info: driver.version: AndroidDriver
	at org.openqa.selenium.remote.ErrorHandler.createThrowable(ErrorHandler.java:215)
	at org.openqa.selenium.remote.ErrorHandler.throwIfResponseFailed(ErrorHandler.java:167)
	at io.appium.java_client.remote.AppiumProtocolHandShake.createSession(AppiumProtocolHandShake.java:161)
	at io.appium.java_client.remote.AppiumProtocolHandShake.createSession(AppiumProtocolHandShake.java:76)
	at io.appium.java_client.remote.AppiumCommandExecutor.doExecute(AppiumCommandExecutor.java:111)
	at io.appium.java_client.remote.AppiumCommandExecutor.execute(AppiumCommandExecutor.java:162)
	at org.openqa.selenium.remote.RemoteWebDriver.execute(RemoteWebDriver.java:637)
	at io.appium.java_client.DefaultGenericMobileDriver.execute(DefaultGenericMobileDriver.java:42)
	at io.appium.java_client.AppiumDriver.execute(AppiumDriver.java:1)
	at io.appium.java_client.android.AndroidDriver.execute(AndroidDriver.java:1)
	at org.openqa.selenium.remote.RemoteWebDriver.startSession(RemoteWebDriver.java:250)
	at org.openqa.selenium.remote.RemoteWebDriver.startSession(RemoteWebDriver.java:236)
	at org.openqa.selenium.remote.RemoteWebDriver.&lt;init&gt;(RemoteWebDriver.java:137)
	at io.appium.java_client.DefaultGenericMobileDriver.&lt;init&gt;(DefaultGenericMobileDriver.java:38)
	at io.appium.java_client.AppiumDriver.&lt;init&gt;(AppiumDriver.java:88)
	at io.appium.java_client.AppiumDriver.&lt;init&gt;(AppiumDriver.java:112)
	at io.appium.java_client.android.AndroidDriver.&lt;init&gt;(AndroidDriver.java:73)
	at feishuo.KyyAppUITest.BaseTest.getAndroidDriver(BaseTest.java:56)
	at feishuo.KyyAppUITest.Me.setUp(Me.java:29)
... Removed 31 stack frames</div>
</div>
<p class="totop"><a href="#summary">back to summary</a></p>
<h2 id="m-514961597" name="m-514961597" >feishuo.KyyAppUITest.Set:setUp</h2>
<div>
<div class="stacktrace">org.openqa.selenium.SessionNotCreatedException: A new session could not be created. (Original error: Requested a new session but one was in progress) (WARNING: The server did not provide any stacktrace information)
Command duration or timeout: 0 milliseconds
Build info: version: &apos;3.4.0&apos;, revision: &apos;unknown&apos;, time: &apos;unknown&apos;
System info: host: &apos;DESKTOP-8ECR7HO&apos;, ip: &apos;192.168.1.9&apos;, os.name: &apos;Windows 10&apos;, os.arch: &apos;amd64&apos;, os.version: &apos;10.0&apos;, java.version: &apos;1.8.0_121&apos;
Driver info: driver.version: AndroidDriver
	at org.openqa.selenium.remote.ErrorHandler.createThrowable(ErrorHandler.java:215)
	at org.openqa.selenium.remote.ErrorHandler.throwIfResponseFailed(ErrorHandler.java:167)
	at io.appium.java_client.remote.AppiumProtocolHandShake.createSession(AppiumProtocolHandShake.java:161)
	at io.appium.java_client.remote.AppiumProtocolHandShake.createSession(AppiumProtocolHandShake.java:76)
	at io.appium.java_client.remote.AppiumCommandExecutor.doExecute(AppiumCommandExecutor.java:111)
	at io.appium.java_client.remote.AppiumCommandExecutor.execute(AppiumCommandExecutor.java:162)
	at org.openqa.selenium.remote.RemoteWebDriver.execute(RemoteWebDriver.java:637)
	at io.appium.java_client.DefaultGenericMobileDriver.execute(DefaultGenericMobileDriver.java:42)
	at io.appium.java_client.AppiumDriver.execute(AppiumDriver.java:1)
	at io.appium.java_client.android.AndroidDriver.execute(AndroidDriver.java:1)
	at org.openqa.selenium.remote.RemoteWebDriver.startSession(RemoteWebDriver.java:250)
	at org.openqa.selenium.remote.RemoteWebDriver.startSession(RemoteWebDriver.java:236)
	at org.openqa.selenium.remote.RemoteWebDriver.&lt;init&gt;(RemoteWebDriver.java:137)
	at io.appium.java_client.DefaultGenericMobileDriver.&lt;init&gt;(DefaultGenericMobileDriver.java:38)
	at io.appium.java_client.AppiumDriver.&lt;init&gt;(AppiumDriver.java:88)
	at io.appium.java_client.AppiumDriver.&lt;init&gt;(AppiumDriver.java:112)
	at io.appium.java_client.android.AndroidDriver.&lt;init&gt;(AndroidDriver.java:73)
	at feishuo.KyyAppUITest.BaseTest.getAndroidDriver(BaseTest.java:56)
	at feishuo.KyyAppUITest.Set.setUp(Set.java:28)
... Removed 31 stack frames</div>
</div>
<p class="totop"><a href="#summary">back to summary</a></p>
<h2 id="m1460027955" name="m1460027955" >feishuo.KyyAppUITest.Prize:setUp</h2>
<div>
<div class="stacktrace">org.openqa.selenium.SessionNotCreatedException: A new session could not be created. (Original error: Requested a new session but one was in progress) (WARNING: The server did not provide any stacktrace information)
Command duration or timeout: 0 milliseconds
Build info: version: &apos;3.4.0&apos;, revision: &apos;unknown&apos;, time: &apos;unknown&apos;
System info: host: &apos;DESKTOP-8ECR7HO&apos;, ip: &apos;192.168.1.9&apos;, os.name: &apos;Windows 10&apos;, os.arch: &apos;amd64&apos;, os.version: &apos;10.0&apos;, java.version: &apos;1.8.0_121&apos;
Driver info: driver.version: AndroidDriver
	at org.openqa.selenium.remote.ErrorHandler.createThrowable(ErrorHandler.java:215)
	at org.openqa.selenium.remote.ErrorHandler.throwIfResponseFailed(ErrorHandler.java:167)
	at io.appium.java_client.remote.AppiumProtocolHandShake.createSession(AppiumProtocolHandShake.java:161)
	at io.appium.java_client.remote.AppiumProtocolHandShake.createSession(AppiumProtocolHandShake.java:76)
	at io.appium.java_client.remote.AppiumCommandExecutor.doExecute(AppiumCommandExecutor.java:111)
	at io.appium.java_client.remote.AppiumCommandExecutor.execute(AppiumCommandExecutor.java:162)
	at org.openqa.selenium.remote.RemoteWebDriver.execute(RemoteWebDriver.java:637)
	at io.appium.java_client.DefaultGenericMobileDriver.execute(DefaultGenericMobileDriver.java:42)
	at io.appium.java_client.AppiumDriver.execute(AppiumDriver.java:1)
	at io.appium.java_client.android.AndroidDriver.execute(AndroidDriver.java:1)
	at org.openqa.selenium.remote.RemoteWebDriver.startSession(RemoteWebDriver.java:250)
	at org.openqa.selenium.remote.RemoteWebDriver.startSession(RemoteWebDriver.java:236)
	at org.openqa.selenium.remote.RemoteWebDriver.&lt;init&gt;(RemoteWebDriver.java:137)
	at io.appium.java_client.DefaultGenericMobileDriver.&lt;init&gt;(DefaultGenericMobileDriver.java:38)
	at io.appium.java_client.AppiumDriver.&lt;init&gt;(AppiumDriver.java:88)
	at io.appium.java_client.AppiumDriver.&lt;init&gt;(AppiumDriver.java:112)
	at io.appium.java_client.android.AndroidDriver.&lt;init&gt;(AndroidDriver.java:73)
	at feishuo.KyyAppUITest.BaseTest.getAndroidDriver(BaseTest.java:56)
	at feishuo.KyyAppUITest.Prize.setUp(Prize.java:26)
... Removed 29 stack frames</div>
</div>
<p class="totop"><a href="#summary">back to summary</a></p>
<h2 id="m2028852115" name="m2028852115" >feishuo.KyyAppUITest.Me:setUp</h2>
<p class="totop"><a href="#summary">back to summary</a></p>
<h2 id="m2028852115" name="m2028852115" >feishuo.KyyAppUITest.Me:setUp</h2>
<p class="totop"><a href="#summary">back to summary</a></p>
<h2 id="m-514961597" name="m-514961597" >feishuo.KyyAppUITest.Set:setUp</h2>
<p class="totop"><a href="#summary">back to summary</a></p>
<h2 id="m-313727558" name="m-313727558" >feishuo.KyyAppUITest.Prize:tearDown</h2>
<p class="totop"><a href="#summary">back to summary</a></p>
<h2 id="m-514961597" name="m-514961597" >feishuo.KyyAppUITest.Set:setUp</h2>
<p class="totop"><a href="#summary">back to summary</a></p>
<h2 id="m2028852115" name="m2028852115" >feishuo.KyyAppUITest.Me:setUp</h2>
<p class="totop"><a href="#summary">back to summary</a></p>
<h2 id="m-514961597" name="m-514961597" >feishuo.KyyAppUITest.Set:setUp</h2>
<p class="totop"><a href="#summary">back to summary</a></p>
<h2 id="m-514961597" name="m-514961597" >feishuo.KyyAppUITest.Set:setUp</h2>
<p class="totop"><a href="#summary">back to summary</a></p>
<h2 id="m2028852115" name="m2028852115" >feishuo.KyyAppUITest.Me:setUp</h2>
<p class="totop"><a href="#summary">back to summary</a></p>
<h2 id="m-514961597" name="m-514961597" >feishuo.KyyAppUITest.Set:setUp</h2>
<p class="totop"><a href="#summary">back to summary</a></p>
<h2 id="m725493654" name="m725493654" >feishuo.KyyAppUITest.Me:testPrize</h2>
<div>
<div class="stacktrace">org.openqa.selenium.SessionNotCreatedException: A new session could not be created. (Original error: Requested a new session but one was in progress) (WARNING: The server did not provide any stacktrace information)
Command duration or timeout: 0 milliseconds
Build info: version: &apos;3.4.0&apos;, revision: &apos;unknown&apos;, time: &apos;unknown&apos;
System info: host: &apos;DESKTOP-8ECR7HO&apos;, ip: &apos;192.168.1.9&apos;, os.name: &apos;Windows 10&apos;, os.arch: &apos;amd64&apos;, os.version: &apos;10.0&apos;, java.version: &apos;1.8.0_121&apos;
Driver info: driver.version: AndroidDriver
	at org.openqa.selenium.remote.ErrorHandler.createThrowable(ErrorHandler.java:215)
	at org.openqa.selenium.remote.ErrorHandler.throwIfResponseFailed(ErrorHandler.java:167)
	at io.appium.java_client.remote.AppiumProtocolHandShake.createSession(AppiumProtocolHandShake.java:161)
	at io.appium.java_client.remote.AppiumProtocolHandShake.createSession(AppiumProtocolHandShake.java:76)
	at io.appium.java_client.remote.AppiumCommandExecutor.doExecute(AppiumCommandExecutor.java:111)
	at io.appium.java_client.remote.AppiumCommandExecutor.execute(AppiumCommandExecutor.java:162)
	at org.openqa.selenium.remote.RemoteWebDriver.execute(RemoteWebDriver.java:637)
	at io.appium.java_client.DefaultGenericMobileDriver.execute(DefaultGenericMobileDriver.java:42)
	at io.appium.java_client.AppiumDriver.execute(AppiumDriver.java:1)
	at io.appium.java_client.android.AndroidDriver.execute(AndroidDriver.java:1)
	at org.openqa.selenium.remote.RemoteWebDriver.startSession(RemoteWebDriver.java:250)
	at org.openqa.selenium.remote.RemoteWebDriver.startSession(RemoteWebDriver.java:236)
	at org.openqa.selenium.remote.RemoteWebDriver.&lt;init&gt;(RemoteWebDriver.java:137)
	at io.appium.java_client.DefaultGenericMobileDriver.&lt;init&gt;(DefaultGenericMobileDriver.java:38)
	at io.appium.java_client.AppiumDriver.&lt;init&gt;(AppiumDriver.java:88)
	at io.appium.java_client.AppiumDriver.&lt;init&gt;(AppiumDriver.java:112)
	at io.appium.java_client.android.AndroidDriver.&lt;init&gt;(AndroidDriver.java:73)
	at feishuo.KyyAppUITest.BaseTest.getAndroidDriver(BaseTest.java:56)
	at feishuo.KyyAppUITest.Me.setUp(Me.java:29)
... Removed 31 stack frames</div>
</div>
<p class="totop"><a href="#summary">back to summary</a></p>
<h2 id="m-1832643903" name="m-1832643903" >feishuo.KyyAppUITest.Set:testAbout</h2>
<div>
<div class="stacktrace">org.openqa.selenium.SessionNotCreatedException: A new session could not be created. (Original error: Requested a new session but one was in progress) (WARNING: The server did not provide any stacktrace information)
Command duration or timeout: 0 milliseconds
Build info: version: &apos;3.4.0&apos;, revision: &apos;unknown&apos;, time: &apos;unknown&apos;
System info: host: &apos;DESKTOP-8ECR7HO&apos;, ip: &apos;192.168.1.9&apos;, os.name: &apos;Windows 10&apos;, os.arch: &apos;amd64&apos;, os.version: &apos;10.0&apos;, java.version: &apos;1.8.0_121&apos;
Driver info: driver.version: AndroidDriver
	at org.openqa.selenium.remote.ErrorHandler.createThrowable(ErrorHandler.java:215)
	at org.openqa.selenium.remote.ErrorHandler.throwIfResponseFailed(ErrorHandler.java:167)
	at io.appium.java_client.remote.AppiumProtocolHandShake.createSession(AppiumProtocolHandShake.java:161)
	at io.appium.java_client.remote.AppiumProtocolHandShake.createSession(AppiumProtocolHandShake.java:76)
	at io.appium.java_client.remote.AppiumCommandExecutor.doExecute(AppiumCommandExecutor.java:111)
	at io.appium.java_client.remote.AppiumCommandExecutor.execute(AppiumCommandExecutor.java:162)
	at org.openqa.selenium.remote.RemoteWebDriver.execute(RemoteWebDriver.java:637)
	at io.appium.java_client.DefaultGenericMobileDriver.execute(DefaultGenericMobileDriver.java:42)
	at io.appium.java_client.AppiumDriver.execute(AppiumDriver.java:1)
	at io.appium.java_client.android.AndroidDriver.execute(AndroidDriver.java:1)
	at org.openqa.selenium.remote.RemoteWebDriver.startSession(RemoteWebDriver.java:250)
	at org.openqa.selenium.remote.RemoteWebDriver.startSession(RemoteWebDriver.java:236)
	at org.openqa.selenium.remote.RemoteWebDriver.&lt;init&gt;(RemoteWebDriver.java:137)
	at io.appium.java_client.DefaultGenericMobileDriver.&lt;init&gt;(DefaultGenericMobileDriver.java:38)
	at io.appium.java_client.AppiumDriver.&lt;init&gt;(AppiumDriver.java:88)
	at io.appium.java_client.AppiumDriver.&lt;init&gt;(AppiumDriver.java:112)
	at io.appium.java_client.android.AndroidDriver.&lt;init&gt;(AndroidDriver.java:73)
	at feishuo.KyyAppUITest.BaseTest.getAndroidDriver(BaseTest.java:56)
	at feishuo.KyyAppUITest.Set.setUp(Set.java:28)
... Removed 31 stack frames</div>
</div>
<p class="totop"><a href="#summary">back to summary</a></p>
<h2 id="m216211222" name="m216211222" >feishuo.KyyAppUITest.Set:testWelcome</h2>
<div>
<div class="stacktrace">org.openqa.selenium.SessionNotCreatedException: A new session could not be created. (Original error: Requested a new session but one was in progress) (WARNING: The server did not provide any stacktrace information)
Command duration or timeout: 0 milliseconds
Build info: version: &apos;3.4.0&apos;, revision: &apos;unknown&apos;, time: &apos;unknown&apos;
System info: host: &apos;DESKTOP-8ECR7HO&apos;, ip: &apos;192.168.1.9&apos;, os.name: &apos;Windows 10&apos;, os.arch: &apos;amd64&apos;, os.version: &apos;10.0&apos;, java.version: &apos;1.8.0_121&apos;
Driver info: driver.version: AndroidDriver
	at org.openqa.selenium.remote.ErrorHandler.createThrowable(ErrorHandler.java:215)
	at org.openqa.selenium.remote.ErrorHandler.throwIfResponseFailed(ErrorHandler.java:167)
	at io.appium.java_client.remote.AppiumProtocolHandShake.createSession(AppiumProtocolHandShake.java:161)
	at io.appium.java_client.remote.AppiumProtocolHandShake.createSession(AppiumProtocolHandShake.java:76)
	at io.appium.java_client.remote.AppiumCommandExecutor.doExecute(AppiumCommandExecutor.java:111)
	at io.appium.java_client.remote.AppiumCommandExecutor.execute(AppiumCommandExecutor.java:162)
	at org.openqa.selenium.remote.RemoteWebDriver.execute(RemoteWebDriver.java:637)
	at io.appium.java_client.DefaultGenericMobileDriver.execute(DefaultGenericMobileDriver.java:42)
	at io.appium.java_client.AppiumDriver.execute(AppiumDriver.java:1)
	at io.appium.java_client.android.AndroidDriver.execute(AndroidDriver.java:1)
	at org.openqa.selenium.remote.RemoteWebDriver.startSession(RemoteWebDriver.java:250)
	at org.openqa.selenium.remote.RemoteWebDriver.startSession(RemoteWebDriver.java:236)
	at org.openqa.selenium.remote.RemoteWebDriver.&lt;init&gt;(RemoteWebDriver.java:137)
	at io.appium.java_client.DefaultGenericMobileDriver.&lt;init&gt;(DefaultGenericMobileDriver.java:38)
	at io.appium.java_client.AppiumDriver.&lt;init&gt;(AppiumDriver.java:88)
	at io.appium.java_client.AppiumDriver.&lt;init&gt;(AppiumDriver.java:112)
	at io.appium.java_client.android.AndroidDriver.&lt;init&gt;(AndroidDriver.java:73)
	at feishuo.KyyAppUITest.BaseTest.getAndroidDriver(BaseTest.java:56)
	at feishuo.KyyAppUITest.Set.setUp(Set.java:28)
... Removed 31 stack frames</div>
</div>
<p class="totop"><a href="#summary">back to summary</a></p>
<h2 id="m727822870" name="m727822870" >feishuo.KyyAppUITest.Me:testScore</h2>
<div>
<div class="stacktrace">org.openqa.selenium.SessionNotCreatedException: A new session could not be created. (Original error: Requested a new session but one was in progress) (WARNING: The server did not provide any stacktrace information)
Command duration or timeout: 0 milliseconds
Build info: version: &apos;3.4.0&apos;, revision: &apos;unknown&apos;, time: &apos;unknown&apos;
System info: host: &apos;DESKTOP-8ECR7HO&apos;, ip: &apos;192.168.1.9&apos;, os.name: &apos;Windows 10&apos;, os.arch: &apos;amd64&apos;, os.version: &apos;10.0&apos;, java.version: &apos;1.8.0_121&apos;
Driver info: driver.version: AndroidDriver
	at org.openqa.selenium.remote.ErrorHandler.createThrowable(ErrorHandler.java:215)
	at org.openqa.selenium.remote.ErrorHandler.throwIfResponseFailed(ErrorHandler.java:167)
	at io.appium.java_client.remote.AppiumProtocolHandShake.createSession(AppiumProtocolHandShake.java:161)
	at io.appium.java_client.remote.AppiumProtocolHandShake.createSession(AppiumProtocolHandShake.java:76)
	at io.appium.java_client.remote.AppiumCommandExecutor.doExecute(AppiumCommandExecutor.java:111)
	at io.appium.java_client.remote.AppiumCommandExecutor.execute(AppiumCommandExecutor.java:162)
	at org.openqa.selenium.remote.RemoteWebDriver.execute(RemoteWebDriver.java:637)
	at io.appium.java_client.DefaultGenericMobileDriver.execute(DefaultGenericMobileDriver.java:42)
	at io.appium.java_client.AppiumDriver.execute(AppiumDriver.java:1)
	at io.appium.java_client.android.AndroidDriver.execute(AndroidDriver.java:1)
	at org.openqa.selenium.remote.RemoteWebDriver.startSession(RemoteWebDriver.java:250)
	at org.openqa.selenium.remote.RemoteWebDriver.startSession(RemoteWebDriver.java:236)
	at org.openqa.selenium.remote.RemoteWebDriver.&lt;init&gt;(RemoteWebDriver.java:137)
	at io.appium.java_client.DefaultGenericMobileDriver.&lt;init&gt;(DefaultGenericMobileDriver.java:38)
	at io.appium.java_client.AppiumDriver.&lt;init&gt;(AppiumDriver.java:88)
	at io.appium.java_client.AppiumDriver.&lt;init&gt;(AppiumDriver.java:112)
	at io.appium.java_client.android.AndroidDriver.&lt;init&gt;(AndroidDriver.java:73)
	at feishuo.KyyAppUITest.BaseTest.getAndroidDriver(BaseTest.java:56)
	at feishuo.KyyAppUITest.Me.setUp(Me.java:29)
... Removed 31 stack frames</div>
</div>
<p class="totop"><a href="#summary">back to summary</a></p>
<h2 id="m-71783382" name="m-71783382" >feishuo.KyyAppUITest.Prize:testBuy</h2>
<div>
<div class="stacktrace">org.openqa.selenium.SessionNotCreatedException: A new session could not be created. (Original error: Requested a new session but one was in progress) (WARNING: The server did not provide any stacktrace information)
Command duration or timeout: 0 milliseconds
Build info: version: &apos;3.4.0&apos;, revision: &apos;unknown&apos;, time: &apos;unknown&apos;
System info: host: &apos;DESKTOP-8ECR7HO&apos;, ip: &apos;192.168.1.9&apos;, os.name: &apos;Windows 10&apos;, os.arch: &apos;amd64&apos;, os.version: &apos;10.0&apos;, java.version: &apos;1.8.0_121&apos;
Driver info: driver.version: AndroidDriver
	at org.openqa.selenium.remote.ErrorHandler.createThrowable(ErrorHandler.java:215)
	at org.openqa.selenium.remote.ErrorHandler.throwIfResponseFailed(ErrorHandler.java:167)
	at io.appium.java_client.remote.AppiumProtocolHandShake.createSession(AppiumProtocolHandShake.java:161)
	at io.appium.java_client.remote.AppiumProtocolHandShake.createSession(AppiumProtocolHandShake.java:76)
	at io.appium.java_client.remote.AppiumCommandExecutor.doExecute(AppiumCommandExecutor.java:111)
	at io.appium.java_client.remote.AppiumCommandExecutor.execute(AppiumCommandExecutor.java:162)
	at org.openqa.selenium.remote.RemoteWebDriver.execute(RemoteWebDriver.java:637)
	at io.appium.java_client.DefaultGenericMobileDriver.execute(DefaultGenericMobileDriver.java:42)
	at io.appium.java_client.AppiumDriver.execute(AppiumDriver.java:1)
	at io.appium.java_client.android.AndroidDriver.execute(AndroidDriver.java:1)
	at org.openqa.selenium.remote.RemoteWebDriver.startSession(RemoteWebDriver.java:250)
	at org.openqa.selenium.remote.RemoteWebDriver.startSession(RemoteWebDriver.java:236)
	at org.openqa.selenium.remote.RemoteWebDriver.&lt;init&gt;(RemoteWebDriver.java:137)
	at io.appium.java_client.DefaultGenericMobileDriver.&lt;init&gt;(DefaultGenericMobileDriver.java:38)
	at io.appium.java_client.AppiumDriver.&lt;init&gt;(AppiumDriver.java:88)
	at io.appium.java_client.AppiumDriver.&lt;init&gt;(AppiumDriver.java:112)
	at io.appium.java_client.android.AndroidDriver.&lt;init&gt;(AndroidDriver.java:73)
	at feishuo.KyyAppUITest.BaseTest.getAndroidDriver(BaseTest.java:56)
	at feishuo.KyyAppUITest.Prize.setUp(Prize.java:26)
... Removed 29 stack frames</div>
</div>
<p class="totop"><a href="#summary">back to summary</a></p>
<h2 id="m-1830509183" name="m-1830509183" >feishuo.KyyAppUITest.Set:testClear</h2>
<div>
<div class="stacktrace">org.openqa.selenium.SessionNotCreatedException: A new session could not be created. (Original error: Requested a new session but one was in progress) (WARNING: The server did not provide any stacktrace information)
Command duration or timeout: 0 milliseconds
Build info: version: &apos;3.4.0&apos;, revision: &apos;unknown&apos;, time: &apos;unknown&apos;
System info: host: &apos;DESKTOP-8ECR7HO&apos;, ip: &apos;192.168.1.9&apos;, os.name: &apos;Windows 10&apos;, os.arch: &apos;amd64&apos;, os.version: &apos;10.0&apos;, java.version: &apos;1.8.0_121&apos;
Driver info: driver.version: AndroidDriver
	at org.openqa.selenium.remote.ErrorHandler.createThrowable(ErrorHandler.java:215)
	at org.openqa.selenium.remote.ErrorHandler.throwIfResponseFailed(ErrorHandler.java:167)
	at io.appium.java_client.remote.AppiumProtocolHandShake.createSession(AppiumProtocolHandShake.java:161)
	at io.appium.java_client.remote.AppiumProtocolHandShake.createSession(AppiumProtocolHandShake.java:76)
	at io.appium.java_client.remote.AppiumCommandExecutor.doExecute(AppiumCommandExecutor.java:111)
	at io.appium.java_client.remote.AppiumCommandExecutor.execute(AppiumCommandExecutor.java:162)
	at org.openqa.selenium.remote.RemoteWebDriver.execute(RemoteWebDriver.java:637)
	at io.appium.java_client.DefaultGenericMobileDriver.execute(DefaultGenericMobileDriver.java:42)
	at io.appium.java_client.AppiumDriver.execute(AppiumDriver.java:1)
	at io.appium.java_client.android.AndroidDriver.execute(AndroidDriver.java:1)
	at org.openqa.selenium.remote.RemoteWebDriver.startSession(RemoteWebDriver.java:250)
	at org.openqa.selenium.remote.RemoteWebDriver.startSession(RemoteWebDriver.java:236)
	at org.openqa.selenium.remote.RemoteWebDriver.&lt;init&gt;(RemoteWebDriver.java:137)
	at io.appium.java_client.DefaultGenericMobileDriver.&lt;init&gt;(DefaultGenericMobileDriver.java:38)
	at io.appium.java_client.AppiumDriver.&lt;init&gt;(AppiumDriver.java:88)
	at io.appium.java_client.AppiumDriver.&lt;init&gt;(AppiumDriver.java:112)
	at io.appium.java_client.android.AndroidDriver.&lt;init&gt;(AndroidDriver.java:73)
	at feishuo.KyyAppUITest.BaseTest.getAndroidDriver(BaseTest.java:56)
	at feishuo.KyyAppUITest.Set.setUp(Set.java:28)
... Removed 31 stack frames</div>
</div>
<p class="totop"><a href="#summary">back to summary</a></p>
<h2 id="m-1066318288" name="m-1066318288" >feishuo.KyyAppUITest.Me:testInformation</h2>
<div>
<div class="stacktrace">org.openqa.selenium.SessionNotCreatedException: A new session could not be created. (Original error: Requested a new session but one was in progress) (WARNING: The server did not provide any stacktrace information)
Command duration or timeout: 0 milliseconds
Build info: version: &apos;3.4.0&apos;, revision: &apos;unknown&apos;, time: &apos;unknown&apos;
System info: host: &apos;DESKTOP-8ECR7HO&apos;, ip: &apos;192.168.1.9&apos;, os.name: &apos;Windows 10&apos;, os.arch: &apos;amd64&apos;, os.version: &apos;10.0&apos;, java.version: &apos;1.8.0_121&apos;
Driver info: driver.version: AndroidDriver
	at org.openqa.selenium.remote.ErrorHandler.createThrowable(ErrorHandler.java:215)
	at org.openqa.selenium.remote.ErrorHandler.throwIfResponseFailed(ErrorHandler.java:167)
	at io.appium.java_client.remote.AppiumProtocolHandShake.createSession(AppiumProtocolHandShake.java:161)
	at io.appium.java_client.remote.AppiumProtocolHandShake.createSession(AppiumProtocolHandShake.java:76)
	at io.appium.java_client.remote.AppiumCommandExecutor.doExecute(AppiumCommandExecutor.java:111)
	at io.appium.java_client.remote.AppiumCommandExecutor.execute(AppiumCommandExecutor.java:162)
	at org.openqa.selenium.remote.RemoteWebDriver.execute(RemoteWebDriver.java:637)
	at io.appium.java_client.DefaultGenericMobileDriver.execute(DefaultGenericMobileDriver.java:42)
	at io.appium.java_client.AppiumDriver.execute(AppiumDriver.java:1)
	at io.appium.java_client.android.AndroidDriver.execute(AndroidDriver.java:1)
	at org.openqa.selenium.remote.RemoteWebDriver.startSession(RemoteWebDriver.java:250)
	at org.openqa.selenium.remote.RemoteWebDriver.startSession(RemoteWebDriver.java:236)
	at org.openqa.selenium.remote.RemoteWebDriver.&lt;init&gt;(RemoteWebDriver.java:137)
	at io.appium.java_client.DefaultGenericMobileDriver.&lt;init&gt;(DefaultGenericMobileDriver.java:38)
	at io.appium.java_client.AppiumDriver.&lt;init&gt;(AppiumDriver.java:88)
	at io.appium.java_client.AppiumDriver.&lt;init&gt;(AppiumDriver.java:112)
	at io.appium.java_client.android.AndroidDriver.&lt;init&gt;(AndroidDriver.java:73)
	at feishuo.KyyAppUITest.BaseTest.getAndroidDriver(BaseTest.java:56)
	at feishuo.KyyAppUITest.Me.setUp(Me.java:29)
... Removed 31 stack frames</div>
</div>
<p class="totop"><a href="#summary">back to summary</a></p>
<h2 id="m497040778" name="m497040778" >feishuo.KyyAppUITest.Me:testBuy</h2>
<div>
<div class="stacktrace">org.openqa.selenium.SessionNotCreatedException: A new session could not be created. (Original error: Requested a new session but one was in progress) (WARNING: The server did not provide any stacktrace information)
Command duration or timeout: 0 milliseconds
Build info: version: &apos;3.4.0&apos;, revision: &apos;unknown&apos;, time: &apos;unknown&apos;
System info: host: &apos;DESKTOP-8ECR7HO&apos;, ip: &apos;192.168.1.9&apos;, os.name: &apos;Windows 10&apos;, os.arch: &apos;amd64&apos;, os.version: &apos;10.0&apos;, java.version: &apos;1.8.0_121&apos;
Driver info: driver.version: AndroidDriver
	at org.openqa.selenium.remote.ErrorHandler.createThrowable(ErrorHandler.java:215)
	at org.openqa.selenium.remote.ErrorHandler.throwIfResponseFailed(ErrorHandler.java:167)
	at io.appium.java_client.remote.AppiumProtocolHandShake.createSession(AppiumProtocolHandShake.java:161)
	at io.appium.java_client.remote.AppiumProtocolHandShake.createSession(AppiumProtocolHandShake.java:76)
	at io.appium.java_client.remote.AppiumCommandExecutor.doExecute(AppiumCommandExecutor.java:111)
	at io.appium.java_client.remote.AppiumCommandExecutor.execute(AppiumCommandExecutor.java:162)
	at org.openqa.selenium.remote.RemoteWebDriver.execute(RemoteWebDriver.java:637)
	at io.appium.java_client.DefaultGenericMobileDriver.execute(DefaultGenericMobileDriver.java:42)
	at io.appium.java_client.AppiumDriver.execute(AppiumDriver.java:1)
	at io.appium.java_client.android.AndroidDriver.execute(AndroidDriver.java:1)
	at org.openqa.selenium.remote.RemoteWebDriver.startSession(RemoteWebDriver.java:250)
	at org.openqa.selenium.remote.RemoteWebDriver.startSession(RemoteWebDriver.java:236)
	at org.openqa.selenium.remote.RemoteWebDriver.&lt;init&gt;(RemoteWebDriver.java:137)
	at io.appium.java_client.DefaultGenericMobileDriver.&lt;init&gt;(DefaultGenericMobileDriver.java:38)
	at io.appium.java_client.AppiumDriver.&lt;init&gt;(AppiumDriver.java:88)
	at io.appium.java_client.AppiumDriver.&lt;init&gt;(AppiumDriver.java:112)
	at io.appium.java_client.android.AndroidDriver.&lt;init&gt;(AndroidDriver.java:73)
	at feishuo.KyyAppUITest.BaseTest.getAndroidDriver(BaseTest.java:56)
	at feishuo.KyyAppUITest.Me.setUp(Me.java:29)
... Removed 31 stack frames</div>
</div>
<p class="totop"><a href="#summary">back to summary</a></p>
<h2 id="m497056614" name="m497056614" >feishuo.KyyAppUITest.Me:testSet</h2>
<div>
<div class="stacktrace">org.openqa.selenium.SessionNotCreatedException: A new session could not be created. (Original error: Requested a new session but one was in progress) (WARNING: The server did not provide any stacktrace information)
Command duration or timeout: 0 milliseconds
Build info: version: &apos;3.4.0&apos;, revision: &apos;unknown&apos;, time: &apos;unknown&apos;
System info: host: &apos;DESKTOP-8ECR7HO&apos;, ip: &apos;192.168.1.9&apos;, os.name: &apos;Windows 10&apos;, os.arch: &apos;amd64&apos;, os.version: &apos;10.0&apos;, java.version: &apos;1.8.0_121&apos;
Driver info: driver.version: AndroidDriver
	at org.openqa.selenium.remote.ErrorHandler.createThrowable(ErrorHandler.java:215)
	at org.openqa.selenium.remote.ErrorHandler.throwIfResponseFailed(ErrorHandler.java:167)
	at io.appium.java_client.remote.AppiumProtocolHandShake.createSession(AppiumProtocolHandShake.java:161)
	at io.appium.java_client.remote.AppiumProtocolHandShake.createSession(AppiumProtocolHandShake.java:76)
	at io.appium.java_client.remote.AppiumCommandExecutor.doExecute(AppiumCommandExecutor.java:111)
	at io.appium.java_client.remote.AppiumCommandExecutor.execute(AppiumCommandExecutor.java:162)
	at org.openqa.selenium.remote.RemoteWebDriver.execute(RemoteWebDriver.java:637)
	at io.appium.java_client.DefaultGenericMobileDriver.execute(DefaultGenericMobileDriver.java:42)
	at io.appium.java_client.AppiumDriver.execute(AppiumDriver.java:1)
	at io.appium.java_client.android.AndroidDriver.execute(AndroidDriver.java:1)
	at org.openqa.selenium.remote.RemoteWebDriver.startSession(RemoteWebDriver.java:250)
	at org.openqa.selenium.remote.RemoteWebDriver.startSession(RemoteWebDriver.java:236)
	at org.openqa.selenium.remote.RemoteWebDriver.&lt;init&gt;(RemoteWebDriver.java:137)
	at io.appium.java_client.DefaultGenericMobileDriver.&lt;init&gt;(DefaultGenericMobileDriver.java:38)
	at io.appium.java_client.AppiumDriver.&lt;init&gt;(AppiumDriver.java:88)
	at io.appium.java_client.AppiumDriver.&lt;init&gt;(AppiumDriver.java:112)
	at io.appium.java_client.android.AndroidDriver.&lt;init&gt;(AndroidDriver.java:73)
	at feishuo.KyyAppUITest.BaseTest.getAndroidDriver(BaseTest.java:56)
	at feishuo.KyyAppUITest.Me.setUp(Me.java:29)
... Removed 31 stack frames</div>
</div>
<p class="totop"><a href="#summary">back to summary</a></p>
<h2 id="m203712157" name="m203712157" >feishuo.KyyAppUITest.Prize:testMore</h2>
<div>
<div class="stacktrace">org.openqa.selenium.SessionNotCreatedException: A new session could not be created. (Original error: Requested a new session but one was in progress) (WARNING: The server did not provide any stacktrace information)
Command duration or timeout: 0 milliseconds
Build info: version: &apos;3.4.0&apos;, revision: &apos;unknown&apos;, time: &apos;unknown&apos;
System info: host: &apos;DESKTOP-8ECR7HO&apos;, ip: &apos;192.168.1.9&apos;, os.name: &apos;Windows 10&apos;, os.arch: &apos;amd64&apos;, os.version: &apos;10.0&apos;, java.version: &apos;1.8.0_121&apos;
Driver info: driver.version: AndroidDriver
	at org.openqa.selenium.remote.ErrorHandler.createThrowable(ErrorHandler.java:215)
	at org.openqa.selenium.remote.ErrorHandler.throwIfResponseFailed(ErrorHandler.java:167)
	at io.appium.java_client.remote.AppiumProtocolHandShake.createSession(AppiumProtocolHandShake.java:161)
	at io.appium.java_client.remote.AppiumProtocolHandShake.createSession(AppiumProtocolHandShake.java:76)
	at io.appium.java_client.remote.AppiumCommandExecutor.doExecute(AppiumCommandExecutor.java:111)
	at io.appium.java_client.remote.AppiumCommandExecutor.execute(AppiumCommandExecutor.java:162)
	at org.openqa.selenium.remote.RemoteWebDriver.execute(RemoteWebDriver.java:637)
	at io.appium.java_client.DefaultGenericMobileDriver.execute(DefaultGenericMobileDriver.java:42)
	at io.appium.java_client.AppiumDriver.execute(AppiumDriver.java:1)
	at io.appium.java_client.android.AndroidDriver.execute(AndroidDriver.java:1)
	at org.openqa.selenium.remote.RemoteWebDriver.startSession(RemoteWebDriver.java:250)
	at org.openqa.selenium.remote.RemoteWebDriver.startSession(RemoteWebDriver.java:236)
	at org.openqa.selenium.remote.RemoteWebDriver.&lt;init&gt;(RemoteWebDriver.java:137)
	at io.appium.java_client.DefaultGenericMobileDriver.&lt;init&gt;(DefaultGenericMobileDriver.java:38)
	at io.appium.java_client.AppiumDriver.&lt;init&gt;(AppiumDriver.java:88)
	at io.appium.java_client.AppiumDriver.&lt;init&gt;(AppiumDriver.java:112)
	at io.appium.java_client.android.AndroidDriver.&lt;init&gt;(AndroidDriver.java:73)
	at feishuo.KyyAppUITest.BaseTest.getAndroidDriver(BaseTest.java:56)
	at feishuo.KyyAppUITest.Prize.setUp(Prize.java:26)
... Removed 29 stack frames</div>
</div>
<p class="totop"><a href="#summary">back to summary</a></p>
<h2 id="m-1326430637" name="m-1326430637" >feishuo.KyyAppUITest.Set:testProblem</h2>
<div>
<div class="stacktrace">org.openqa.selenium.SessionNotCreatedException: A new session could not be created. (Original error: Requested a new session but one was in progress) (WARNING: The server did not provide any stacktrace information)
Command duration or timeout: 0 milliseconds
Build info: version: &apos;3.4.0&apos;, revision: &apos;unknown&apos;, time: &apos;unknown&apos;
System info: host: &apos;DESKTOP-8ECR7HO&apos;, ip: &apos;192.168.1.9&apos;, os.name: &apos;Windows 10&apos;, os.arch: &apos;amd64&apos;, os.version: &apos;10.0&apos;, java.version: &apos;1.8.0_121&apos;
Driver info: driver.version: AndroidDriver
	at org.openqa.selenium.remote.ErrorHandler.createThrowable(ErrorHandler.java:215)
	at org.openqa.selenium.remote.ErrorHandler.throwIfResponseFailed(ErrorHandler.java:167)
	at io.appium.java_client.remote.AppiumProtocolHandShake.createSession(AppiumProtocolHandShake.java:161)
	at io.appium.java_client.remote.AppiumProtocolHandShake.createSession(AppiumProtocolHandShake.java:76)
	at io.appium.java_client.remote.AppiumCommandExecutor.doExecute(AppiumCommandExecutor.java:111)
	at io.appium.java_client.remote.AppiumCommandExecutor.execute(AppiumCommandExecutor.java:162)
	at org.openqa.selenium.remote.RemoteWebDriver.execute(RemoteWebDriver.java:637)
	at io.appium.java_client.DefaultGenericMobileDriver.execute(DefaultGenericMobileDriver.java:42)
	at io.appium.java_client.AppiumDriver.execute(AppiumDriver.java:1)
	at io.appium.java_client.android.AndroidDriver.execute(AndroidDriver.java:1)
	at org.openqa.selenium.remote.RemoteWebDriver.startSession(RemoteWebDriver.java:250)
	at org.openqa.selenium.remote.RemoteWebDriver.startSession(RemoteWebDriver.java:236)
	at org.openqa.selenium.remote.RemoteWebDriver.&lt;init&gt;(RemoteWebDriver.java:137)
	at io.appium.java_client.DefaultGenericMobileDriver.&lt;init&gt;(DefaultGenericMobileDriver.java:38)
	at io.appium.java_client.AppiumDriver.&lt;init&gt;(AppiumDriver.java:88)
	at io.appium.java_client.AppiumDriver.&lt;init&gt;(AppiumDriver.java:112)
	at io.appium.java_client.android.AndroidDriver.&lt;init&gt;(AndroidDriver.java:73)
	at feishuo.KyyAppUITest.BaseTest.getAndroidDriver(BaseTest.java:56)
	at feishuo.KyyAppUITest.Set.setUp(Set.java:28)
... Removed 31 stack frames</div>
</div>
<p class="totop"><a href="#summary">back to summary</a></p>
<h2 id="m-1341832929" name="m-1341832929" >feishuo.KyyAppUITest.Set:testExitLogin</h2>
<div>
<div class="stacktrace">org.openqa.selenium.SessionNotCreatedException: A new session could not be created. (Original error: Requested a new session but one was in progress) (WARNING: The server did not provide any stacktrace information)
Command duration or timeout: 0 milliseconds
Build info: version: &apos;3.4.0&apos;, revision: &apos;unknown&apos;, time: &apos;unknown&apos;
System info: host: &apos;DESKTOP-8ECR7HO&apos;, ip: &apos;192.168.1.9&apos;, os.name: &apos;Windows 10&apos;, os.arch: &apos;amd64&apos;, os.version: &apos;10.0&apos;, java.version: &apos;1.8.0_121&apos;
Driver info: driver.version: AndroidDriver
	at org.openqa.selenium.remote.ErrorHandler.createThrowable(ErrorHandler.java:215)
	at org.openqa.selenium.remote.ErrorHandler.throwIfResponseFailed(ErrorHandler.java:167)
	at io.appium.java_client.remote.AppiumProtocolHandShake.createSession(AppiumProtocolHandShake.java:161)
	at io.appium.java_client.remote.AppiumProtocolHandShake.createSession(AppiumProtocolHandShake.java:76)
	at io.appium.java_client.remote.AppiumCommandExecutor.doExecute(AppiumCommandExecutor.java:111)
	at io.appium.java_client.remote.AppiumCommandExecutor.execute(AppiumCommandExecutor.java:162)
	at org.openqa.selenium.remote.RemoteWebDriver.execute(RemoteWebDriver.java:637)
	at io.appium.java_client.DefaultGenericMobileDriver.execute(DefaultGenericMobileDriver.java:42)
	at io.appium.java_client.AppiumDriver.execute(AppiumDriver.java:1)
	at io.appium.java_client.android.AndroidDriver.execute(AndroidDriver.java:1)
	at org.openqa.selenium.remote.RemoteWebDriver.startSession(RemoteWebDriver.java:250)
	at org.openqa.selenium.remote.RemoteWebDriver.startSession(RemoteWebDriver.java:236)
	at org.openqa.selenium.remote.RemoteWebDriver.&lt;init&gt;(RemoteWebDriver.java:137)
	at io.appium.java_client.DefaultGenericMobileDriver.&lt;init&gt;(DefaultGenericMobileDriver.java:38)
	at io.appium.java_client.AppiumDriver.&lt;init&gt;(AppiumDriver.java:88)
	at io.appium.java_client.AppiumDriver.&lt;init&gt;(AppiumDriver.java:112)
	at io.appium.java_client.android.AndroidDriver.&lt;init&gt;(AndroidDriver.java:73)
	at feishuo.KyyAppUITest.BaseTest.getAndroidDriver(BaseTest.java:56)
	at feishuo.KyyAppUITest.Set.setUp(Set.java:28)
... Removed 31 stack frames</div>
</div>
<p class="totop"><a href="#summary">back to summary</a></p>
<h2 id="m633808776" name="m633808776" >feishuo.KyyAppUITest.Set:testChange</h2>
<div>
<div class="stacktrace">org.openqa.selenium.SessionNotCreatedException: A new session could not be created. (Original error: Requested a new session but one was in progress) (WARNING: The server did not provide any stacktrace information)
Command duration or timeout: 0 milliseconds
Build info: version: &apos;3.4.0&apos;, revision: &apos;unknown&apos;, time: &apos;unknown&apos;
System info: host: &apos;DESKTOP-8ECR7HO&apos;, ip: &apos;192.168.1.9&apos;, os.name: &apos;Windows 10&apos;, os.arch: &apos;amd64&apos;, os.version: &apos;10.0&apos;, java.version: &apos;1.8.0_121&apos;
Driver info: driver.version: AndroidDriver
	at org.openqa.selenium.remote.ErrorHandler.createThrowable(ErrorHandler.java:215)
	at org.openqa.selenium.remote.ErrorHandler.throwIfResponseFailed(ErrorHandler.java:167)
	at io.appium.java_client.remote.AppiumProtocolHandShake.createSession(AppiumProtocolHandShake.java:161)
	at io.appium.java_client.remote.AppiumProtocolHandShake.createSession(AppiumProtocolHandShake.java:76)
	at io.appium.java_client.remote.AppiumCommandExecutor.doExecute(AppiumCommandExecutor.java:111)
	at io.appium.java_client.remote.AppiumCommandExecutor.execute(AppiumCommandExecutor.java:162)
	at org.openqa.selenium.remote.RemoteWebDriver.execute(RemoteWebDriver.java:637)
	at io.appium.java_client.DefaultGenericMobileDriver.execute(DefaultGenericMobileDriver.java:42)
	at io.appium.java_client.AppiumDriver.execute(AppiumDriver.java:1)
	at io.appium.java_client.android.AndroidDriver.execute(AndroidDriver.java:1)
	at org.openqa.selenium.remote.RemoteWebDriver.startSession(RemoteWebDriver.java:250)
	at org.openqa.selenium.remote.RemoteWebDriver.startSession(RemoteWebDriver.java:236)
	at org.openqa.selenium.remote.RemoteWebDriver.&lt;init&gt;(RemoteWebDriver.java:137)
	at io.appium.java_client.DefaultGenericMobileDriver.&lt;init&gt;(DefaultGenericMobileDriver.java:38)
	at io.appium.java_client.AppiumDriver.&lt;init&gt;(AppiumDriver.java:88)
	at io.appium.java_client.AppiumDriver.&lt;init&gt;(AppiumDriver.java:112)
	at io.appium.java_client.android.AndroidDriver.&lt;init&gt;(AndroidDriver.java:73)
	at feishuo.KyyAppUITest.BaseTest.getAndroidDriver(BaseTest.java:56)
	at feishuo.KyyAppUITest.Set.setUp(Set.java:28)
... Removed 31 stack frames</div>
</div>
<p class="totop"><a href="#summary">back to summary</a></p>
</body></html>
