<?xml version="1.0" encoding="UTF-8"?>
<!-- Generated by org.testng.reporters.JUnitXMLReporter -->
<testsuite hostname="DESKTOP-8ECR7HO" ignored="3" name="test000" tests="1" failures="0" timestamp="28 十一月 2017 02:04:03 GMT" time="57.091" errors="0">
  <testcase name="testChoose" time="9.012" classname="feishuo.KyyAppUITest.Train"/>
  <testcase name="testTrainText" time="0.0" classname="feishuo.KyyAppUITest.Train">
    <ignored/>
  </testcase> <!-- testTrainText -->
  <testcase name="testTrainWord" time="0.0" classname="feishuo.KyyAppUITest.Train">
    <ignored/>
  </testcase> <!-- testTrainWord -->
  <testcase name="testChange" time="0.0" classname="feishuo.KyyAppUITest.Train">
    <ignored/>
  </testcase> <!-- testChange -->
</testsuite> <!-- test000 -->
