<?xml version="1.0" encoding="UTF-8"?>
<!-- Generated by org.testng.reporters.JUnitXMLReporter -->
<testsuite hostname="DESKTOP-8ECR7HO" ignored="2" name="Link" tests="1" failures="0" timestamp="18 七月 2017 07:59:22 GMT" time="71.763" errors="0">
  <testcase name="testCheckTrain" time="2.221" classname="feishuo.KyyAppUITest.Link"/>
  <testcase name="testCheckHw2" time="0.0" classname="feishuo.KyyAppUITest.Link">
    <ignored/>
  </testcase> <!-- testCheckHw2 -->
  <testcase name="testCheckHw1" time="0.0" classname="feishuo.KyyAppUITest.Link">
    <ignored/>
  </testcase> <!-- testCheckHw1 -->
</testsuite> <!-- Link -->
