<?xml version="1.0" encoding="UTF-8"?>
<!-- Generated by org.testng.reporters.JUnitXMLReporter -->
<testsuite hostname="DESKTOP-8ECR7HO" ignored="1" name="Me" tests="13" failures="0" timestamp="27 十一月 2017 09:43:53 GMT" time="3.124" errors="0">
  <testcase name="@BeforeMethod setUp" time="1.002" classname="feishuo.KyyAppUITest.Me">
    <failure type="org.openqa.selenium.WebDriverException" message="org.apache.http.conn.HttpHostConnectException: Connect to 127.0.0.1:4723 [/127.0.0.1] failed: Connection refused: connect
Build info: version: &amp;apos;3.4.0&amp;apos;, revision: &amp;apos;unknown&amp;apos;, time: &amp;apos;unknown&amp;apos;
System info: host: &amp;apos;DESKTOP-8ECR7HO&amp;apos;, ip: &amp;apos;192.168.1.7&amp;apos;, os.name: &amp;apos;Windows 10&amp;apos;, os.arch: &amp;apos;amd64&amp;apos;, os.version: &amp;apos;10.0&amp;apos;, java.version: &amp;apos;1.8.0_121&amp;apos;
Driver info: driver.version: AndroidDriver">
      <![CDATA[org.openqa.selenium.WebDriverException: org.apache.http.conn.HttpHostConnectException: Connect to 127.0.0.1:4723 [/127.0.0.1] failed: Connection refused: connect
Build info: version: '3.4.0', revision: 'unknown', time: 'unknown'
System info: host: 'DESKTOP-8ECR7HO', ip: '192.168.1.7', os.name: 'Windows 10', os.arch: 'amd64', os.version: '10.0', java.version: '1.8.0_121'
Driver info: driver.version: AndroidDriver
	at io.appium.java_client.remote.AppiumCommandExecutor.execute(AppiumCommandExecutor.java:177)
	at org.openqa.selenium.remote.RemoteWebDriver.execute(RemoteWebDriver.java:637)
	at io.appium.java_client.DefaultGenericMobileDriver.execute(DefaultGenericMobileDriver.java:42)
	at io.appium.java_client.AppiumDriver.execute(AppiumDriver.java:1)
	at io.appium.java_client.android.AndroidDriver.execute(AndroidDriver.java:1)
	at org.openqa.selenium.remote.RemoteWebDriver.startSession(RemoteWebDriver.java:250)
	at org.openqa.selenium.remote.RemoteWebDriver.startSession(RemoteWebDriver.java:236)
	at org.openqa.selenium.remote.RemoteWebDriver.<init>(RemoteWebDriver.java:137)
	at io.appium.java_client.DefaultGenericMobileDriver.<init>(DefaultGenericMobileDriver.java:38)
	at io.appium.java_client.AppiumDriver.<init>(AppiumDriver.java:88)
	at io.appium.java_client.AppiumDriver.<init>(AppiumDriver.java:112)
	at io.appium.java_client.android.AndroidDriver.<init>(AndroidDriver.java:73)
	at feishuo.KyyAppUITest.BaseTest.getAndroidDriver(BaseTest.java:56)
	at feishuo.KyyAppUITest.Me.setUp(Me.java:29)
Caused by: org.apache.http.conn.HttpHostConnectException: Connect to 127.0.0.1:4723 [/127.0.0.1] failed: Connection refused: connect
	at org.apache.http.impl.conn.DefaultHttpClientConnectionOperator.connect(DefaultHttpClientConnectionOperator.java:159)
	at org.apache.http.impl.conn.PoolingHttpClientConnectionManager.connect(PoolingHttpClientConnectionManager.java:359)
	at org.apache.http.impl.execchain.MainClientExec.establishRoute(MainClientExec.java:381)
	at org.apache.http.impl.execchain.MainClientExec.execute(MainClientExec.java:237)
	at org.apache.http.impl.execchain.ProtocolExec.execute(ProtocolExec.java:185)
	at org.apache.http.impl.execchain.RetryExec.execute(RetryExec.java:89)
	at org.apache.http.impl.execchain.RedirectExec.execute(RedirectExec.java:111)
	at org.apache.http.impl.client.InternalHttpClient.doExecute(InternalHttpClient.java:185)
	at org.apache.http.impl.client.CloseableHttpClient.execute(CloseableHttpClient.java:72)
	at org.apache.http.impl.client.CloseableHttpClient.execute(CloseableHttpClient.java:56)
	at org.openqa.selenium.remote.internal.ApacheHttpClient.fallBackExecute(ApacheHttpClient.java:139)
	at org.openqa.selenium.remote.internal.ApacheHttpClient.execute(ApacheHttpClient.java:87)
	at io.appium.java_client.remote.AppiumProtocolHandShake.createSession(AppiumProtocolHandShake.java:114)
	at io.appium.java_client.remote.AppiumProtocolHandShake.createSession(AppiumProtocolHandShake.java:76)
	at io.appium.java_client.remote.AppiumCommandExecutor.doExecute(AppiumCommandExecutor.java:111)
	at io.appium.java_client.remote.AppiumCommandExecutor.execute(AppiumCommandExecutor.java:162)
	... 40 more
Caused by: java.net.ConnectException: Connection refused: connect
	at java.net.DualStackPlainSocketImpl.waitForConnect(Native Method)
	at java.net.DualStackPlainSocketImpl.socketConnect(DualStackPlainSocketImpl.java:85)
	at java.net.AbstractPlainSocketImpl.doConnect(AbstractPlainSocketImpl.java:350)
	at java.net.AbstractPlainSocketImpl.connectToAddress(AbstractPlainSocketImpl.java:206)
	at java.net.AbstractPlainSocketImpl.connect(AbstractPlainSocketImpl.java:188)
	at java.net.PlainSocketImpl.connect(PlainSocketImpl.java:172)
	at java.net.SocksSocketImpl.connect(SocksSocketImpl.java:392)
	at java.net.Socket.connect(Socket.java:589)
	at org.apache.http.conn.socket.PlainConnectionSocketFactory.connectSocket(PlainConnectionSocketFactory.java:75)
	at org.apache.http.impl.conn.DefaultHttpClientConnectionOperator.connect(DefaultHttpClientConnectionOperator.java:142)
	... 55 more
... Removed 27 stack frames]]>
    </failure>
  </testcase> <!-- @BeforeMethod setUp -->
  <testcase name="@BeforeMethod setUp" time="0.0" classname="feishuo.KyyAppUITest.Me">
    <skipped/>
  </testcase> <!-- @BeforeMethod setUp -->
  <testcase name="@BeforeMethod setUp" time="0.0" classname="feishuo.KyyAppUITest.Me">
    <skipped/>
  </testcase> <!-- @BeforeMethod setUp -->
  <testcase name="@BeforeMethod setUp" time="0.0" classname="feishuo.KyyAppUITest.Me">
    <skipped/>
  </testcase> <!-- @BeforeMethod setUp -->
  <testcase name="@BeforeMethod setUp" time="0.0" classname="feishuo.KyyAppUITest.Me">
    <skipped/>
  </testcase> <!-- @BeforeMethod setUp -->
  <testcase name="@BeforeClass setUp" time="1.003" classname="feishuo.KyyAppUITest.Prize">
    <failure type="org.openqa.selenium.WebDriverException" message="org.apache.http.conn.HttpHostConnectException: Connect to 127.0.0.1:4723 [/127.0.0.1] failed: Connection refused: connect
Build info: version: &amp;apos;3.4.0&amp;apos;, revision: &amp;apos;unknown&amp;apos;, time: &amp;apos;unknown&amp;apos;
System info: host: &amp;apos;DESKTOP-8ECR7HO&amp;apos;, ip: &amp;apos;192.168.1.7&amp;apos;, os.name: &amp;apos;Windows 10&amp;apos;, os.arch: &amp;apos;amd64&amp;apos;, os.version: &amp;apos;10.0&amp;apos;, java.version: &amp;apos;1.8.0_121&amp;apos;
Driver info: driver.version: AndroidDriver">
      <![CDATA[org.openqa.selenium.WebDriverException: org.apache.http.conn.HttpHostConnectException: Connect to 127.0.0.1:4723 [/127.0.0.1] failed: Connection refused: connect
Build info: version: '3.4.0', revision: 'unknown', time: 'unknown'
System info: host: 'DESKTOP-8ECR7HO', ip: '192.168.1.7', os.name: 'Windows 10', os.arch: 'amd64', os.version: '10.0', java.version: '1.8.0_121'
Driver info: driver.version: AndroidDriver
	at io.appium.java_client.remote.AppiumCommandExecutor.execute(AppiumCommandExecutor.java:177)
	at org.openqa.selenium.remote.RemoteWebDriver.execute(RemoteWebDriver.java:637)
	at io.appium.java_client.DefaultGenericMobileDriver.execute(DefaultGenericMobileDriver.java:42)
	at io.appium.java_client.AppiumDriver.execute(AppiumDriver.java:1)
	at io.appium.java_client.android.AndroidDriver.execute(AndroidDriver.java:1)
	at org.openqa.selenium.remote.RemoteWebDriver.startSession(RemoteWebDriver.java:250)
	at org.openqa.selenium.remote.RemoteWebDriver.startSession(RemoteWebDriver.java:236)
	at org.openqa.selenium.remote.RemoteWebDriver.<init>(RemoteWebDriver.java:137)
	at io.appium.java_client.DefaultGenericMobileDriver.<init>(DefaultGenericMobileDriver.java:38)
	at io.appium.java_client.AppiumDriver.<init>(AppiumDriver.java:88)
	at io.appium.java_client.AppiumDriver.<init>(AppiumDriver.java:112)
	at io.appium.java_client.android.AndroidDriver.<init>(AndroidDriver.java:73)
	at feishuo.KyyAppUITest.BaseTest.getAndroidDriver(BaseTest.java:56)
	at feishuo.KyyAppUITest.Prize.setUp(Prize.java:26)
Caused by: org.apache.http.conn.HttpHostConnectException: Connect to 127.0.0.1:4723 [/127.0.0.1] failed: Connection refused: connect
	at org.apache.http.impl.conn.DefaultHttpClientConnectionOperator.connect(DefaultHttpClientConnectionOperator.java:159)
	at org.apache.http.impl.conn.PoolingHttpClientConnectionManager.connect(PoolingHttpClientConnectionManager.java:359)
	at org.apache.http.impl.execchain.MainClientExec.establishRoute(MainClientExec.java:381)
	at org.apache.http.impl.execchain.MainClientExec.execute(MainClientExec.java:237)
	at org.apache.http.impl.execchain.ProtocolExec.execute(ProtocolExec.java:185)
	at org.apache.http.impl.execchain.RetryExec.execute(RetryExec.java:89)
	at org.apache.http.impl.execchain.RedirectExec.execute(RedirectExec.java:111)
	at org.apache.http.impl.client.InternalHttpClient.doExecute(InternalHttpClient.java:185)
	at org.apache.http.impl.client.CloseableHttpClient.execute(CloseableHttpClient.java:72)
	at org.apache.http.impl.client.CloseableHttpClient.execute(CloseableHttpClient.java:56)
	at org.openqa.selenium.remote.internal.ApacheHttpClient.fallBackExecute(ApacheHttpClient.java:139)
	at org.openqa.selenium.remote.internal.ApacheHttpClient.execute(ApacheHttpClient.java:87)
	at io.appium.java_client.remote.AppiumProtocolHandShake.createSession(AppiumProtocolHandShake.java:114)
	at io.appium.java_client.remote.AppiumProtocolHandShake.createSession(AppiumProtocolHandShake.java:76)
	at io.appium.java_client.remote.AppiumCommandExecutor.doExecute(AppiumCommandExecutor.java:111)
	at io.appium.java_client.remote.AppiumCommandExecutor.execute(AppiumCommandExecutor.java:162)
	... 38 more
Caused by: java.net.ConnectException: Connection refused: connect
	at java.net.DualStackPlainSocketImpl.waitForConnect(Native Method)
	at java.net.DualStackPlainSocketImpl.socketConnect(DualStackPlainSocketImpl.java:85)
	at java.net.AbstractPlainSocketImpl.doConnect(AbstractPlainSocketImpl.java:350)
	at java.net.AbstractPlainSocketImpl.connectToAddress(AbstractPlainSocketImpl.java:206)
	at java.net.AbstractPlainSocketImpl.connect(AbstractPlainSocketImpl.java:188)
	at java.net.PlainSocketImpl.connect(PlainSocketImpl.java:172)
	at java.net.SocksSocketImpl.connect(SocksSocketImpl.java:392)
	at java.net.Socket.connect(Socket.java:589)
	at org.apache.http.conn.socket.PlainConnectionSocketFactory.connectSocket(PlainConnectionSocketFactory.java:75)
	at org.apache.http.impl.conn.DefaultHttpClientConnectionOperator.connect(DefaultHttpClientConnectionOperator.java:142)
	... 53 more
... Removed 25 stack frames]]>
    </failure>
  </testcase> <!-- @BeforeClass setUp -->
  <testcase name="@AfterClass tearDown" time="0.0" classname="feishuo.KyyAppUITest.Prize">
    <skipped/>
  </testcase> <!-- @AfterClass tearDown -->
  <testcase name="@BeforeMethod setUp" time="1.002" classname="feishuo.KyyAppUITest.Set">
    <failure type="org.openqa.selenium.WebDriverException" message="org.apache.http.conn.HttpHostConnectException: Connect to 127.0.0.1:4723 [/127.0.0.1] failed: Connection refused: connect
Build info: version: &amp;apos;3.4.0&amp;apos;, revision: &amp;apos;unknown&amp;apos;, time: &amp;apos;unknown&amp;apos;
System info: host: &amp;apos;DESKTOP-8ECR7HO&amp;apos;, ip: &amp;apos;192.168.1.7&amp;apos;, os.name: &amp;apos;Windows 10&amp;apos;, os.arch: &amp;apos;amd64&amp;apos;, os.version: &amp;apos;10.0&amp;apos;, java.version: &amp;apos;1.8.0_121&amp;apos;
Driver info: driver.version: AndroidDriver">
      <![CDATA[org.openqa.selenium.WebDriverException: org.apache.http.conn.HttpHostConnectException: Connect to 127.0.0.1:4723 [/127.0.0.1] failed: Connection refused: connect
Build info: version: '3.4.0', revision: 'unknown', time: 'unknown'
System info: host: 'DESKTOP-8ECR7HO', ip: '192.168.1.7', os.name: 'Windows 10', os.arch: 'amd64', os.version: '10.0', java.version: '1.8.0_121'
Driver info: driver.version: AndroidDriver
	at io.appium.java_client.remote.AppiumCommandExecutor.execute(AppiumCommandExecutor.java:177)
	at org.openqa.selenium.remote.RemoteWebDriver.execute(RemoteWebDriver.java:637)
	at io.appium.java_client.DefaultGenericMobileDriver.execute(DefaultGenericMobileDriver.java:42)
	at io.appium.java_client.AppiumDriver.execute(AppiumDriver.java:1)
	at io.appium.java_client.android.AndroidDriver.execute(AndroidDriver.java:1)
	at org.openqa.selenium.remote.RemoteWebDriver.startSession(RemoteWebDriver.java:250)
	at org.openqa.selenium.remote.RemoteWebDriver.startSession(RemoteWebDriver.java:236)
	at org.openqa.selenium.remote.RemoteWebDriver.<init>(RemoteWebDriver.java:137)
	at io.appium.java_client.DefaultGenericMobileDriver.<init>(DefaultGenericMobileDriver.java:38)
	at io.appium.java_client.AppiumDriver.<init>(AppiumDriver.java:88)
	at io.appium.java_client.AppiumDriver.<init>(AppiumDriver.java:112)
	at io.appium.java_client.android.AndroidDriver.<init>(AndroidDriver.java:73)
	at feishuo.KyyAppUITest.BaseTest.getAndroidDriver(BaseTest.java:56)
	at feishuo.KyyAppUITest.Set.setUp(Set.java:28)
Caused by: org.apache.http.conn.HttpHostConnectException: Connect to 127.0.0.1:4723 [/127.0.0.1] failed: Connection refused: connect
	at org.apache.http.impl.conn.DefaultHttpClientConnectionOperator.connect(DefaultHttpClientConnectionOperator.java:159)
	at org.apache.http.impl.conn.PoolingHttpClientConnectionManager.connect(PoolingHttpClientConnectionManager.java:359)
	at org.apache.http.impl.execchain.MainClientExec.establishRoute(MainClientExec.java:381)
	at org.apache.http.impl.execchain.MainClientExec.execute(MainClientExec.java:237)
	at org.apache.http.impl.execchain.ProtocolExec.execute(ProtocolExec.java:185)
	at org.apache.http.impl.execchain.RetryExec.execute(RetryExec.java:89)
	at org.apache.http.impl.execchain.RedirectExec.execute(RedirectExec.java:111)
	at org.apache.http.impl.client.InternalHttpClient.doExecute(InternalHttpClient.java:185)
	at org.apache.http.impl.client.CloseableHttpClient.execute(CloseableHttpClient.java:72)
	at org.apache.http.impl.client.CloseableHttpClient.execute(CloseableHttpClient.java:56)
	at org.openqa.selenium.remote.internal.ApacheHttpClient.fallBackExecute(ApacheHttpClient.java:139)
	at org.openqa.selenium.remote.internal.ApacheHttpClient.execute(ApacheHttpClient.java:87)
	at io.appium.java_client.remote.AppiumProtocolHandShake.createSession(AppiumProtocolHandShake.java:114)
	at io.appium.java_client.remote.AppiumProtocolHandShake.createSession(AppiumProtocolHandShake.java:76)
	at io.appium.java_client.remote.AppiumCommandExecutor.doExecute(AppiumCommandExecutor.java:111)
	at io.appium.java_client.remote.AppiumCommandExecutor.execute(AppiumCommandExecutor.java:162)
	... 40 more
Caused by: java.net.ConnectException: Connection refused: connect
	at java.net.DualStackPlainSocketImpl.waitForConnect(Native Method)
	at java.net.DualStackPlainSocketImpl.socketConnect(DualStackPlainSocketImpl.java:85)
	at java.net.AbstractPlainSocketImpl.doConnect(AbstractPlainSocketImpl.java:350)
	at java.net.AbstractPlainSocketImpl.connectToAddress(AbstractPlainSocketImpl.java:206)
	at java.net.AbstractPlainSocketImpl.connect(AbstractPlainSocketImpl.java:188)
	at java.net.PlainSocketImpl.connect(PlainSocketImpl.java:172)
	at java.net.SocksSocketImpl.connect(SocksSocketImpl.java:392)
	at java.net.Socket.connect(Socket.java:589)
	at org.apache.http.conn.socket.PlainConnectionSocketFactory.connectSocket(PlainConnectionSocketFactory.java:75)
	at org.apache.http.impl.conn.DefaultHttpClientConnectionOperator.connect(DefaultHttpClientConnectionOperator.java:142)
	... 55 more
... Removed 27 stack frames]]>
    </failure>
  </testcase> <!-- @BeforeMethod setUp -->
  <testcase name="@BeforeMethod setUp" time="0.0" classname="feishuo.KyyAppUITest.Set">
    <skipped/>
  </testcase> <!-- @BeforeMethod setUp -->
  <testcase name="@BeforeMethod setUp" time="0.0" classname="feishuo.KyyAppUITest.Set">
    <skipped/>
  </testcase> <!-- @BeforeMethod setUp -->
  <testcase name="@BeforeMethod setUp" time="0.0" classname="feishuo.KyyAppUITest.Set">
    <skipped/>
  </testcase> <!-- @BeforeMethod setUp -->
  <testcase name="@BeforeMethod setUp" time="0.0" classname="feishuo.KyyAppUITest.Set">
    <skipped/>
  </testcase> <!-- @BeforeMethod setUp -->
  <testcase name="@BeforeMethod setUp" time="0.0" classname="feishuo.KyyAppUITest.Set">
    <skipped/>
  </testcase> <!-- @BeforeMethod setUp -->
  <testcase name="testBuy" time="0.0" classname="feishuo.KyyAppUITest.Me">
    <skipped/>
  </testcase> <!-- testBuy -->
  <testcase name="testInformation" time="0.0" classname="feishuo.KyyAppUITest.Me">
    <skipped/>
  </testcase> <!-- testInformation -->
  <testcase name="testPrize" time="0.0" classname="feishuo.KyyAppUITest.Me">
    <skipped/>
  </testcase> <!-- testPrize -->
  <testcase name="testScore" time="0.0" classname="feishuo.KyyAppUITest.Me">
    <skipped/>
  </testcase> <!-- testScore -->
  <testcase name="testSet" time="0.0" classname="feishuo.KyyAppUITest.Me">
    <skipped/>
  </testcase> <!-- testSet -->
  <testcase name="testBuy" time="0.0" classname="feishuo.KyyAppUITest.Prize">
    <skipped/>
  </testcase> <!-- testBuy -->
  <testcase name="testMore" time="0.0" classname="feishuo.KyyAppUITest.Prize">
    <skipped/>
  </testcase> <!-- testMore -->
  <testcase name="testAbout" time="0.0" classname="feishuo.KyyAppUITest.Set">
    <skipped/>
  </testcase> <!-- testAbout -->
  <testcase name="testChange" time="0.0" classname="feishuo.KyyAppUITest.Set">
    <skipped/>
  </testcase> <!-- testChange -->
  <testcase name="testClear" time="0.0" classname="feishuo.KyyAppUITest.Set">
    <skipped/>
  </testcase> <!-- testClear -->
  <testcase name="testExitLogin" time="0.0" classname="feishuo.KyyAppUITest.Set">
    <skipped/>
  </testcase> <!-- testExitLogin -->
  <testcase name="testProblem" time="0.0" classname="feishuo.KyyAppUITest.Set">
    <skipped/>
  </testcase> <!-- testProblem -->
  <testcase name="testWelcome" time="0.0" classname="feishuo.KyyAppUITest.Set">
    <skipped/>
  </testcase> <!-- testWelcome -->
  <testcase name="testFeedback" time="0.0" classname="feishuo.KyyAppUITest.Set">
    <ignored/>
  </testcase> <!-- testFeedback -->
</testsuite> <!-- Me -->
