<?xml version="1.0" encoding="UTF-8"?>
<!-- Generated by org.testng.reporters.JUnitXMLReporter -->
<testsuite hostname="DESKTOP-8ECR7HO" ignored="0" name="StudentLogin" tests="5" failures="0" timestamp="27 十一月 2017 09:35:44 GMT" time="156.265" errors="0">
  <testcase name="testLogin_OK" time="40.526" classname="feishuo.KyyAppUITest.LoginStudent"/>
  <testcase name="testLogin_fail01" time="25.558" classname="feishuo.KyyAppUITest.LoginStudent"/>
  <testcase name="testLogin_fail02" time="25.718" classname="feishuo.KyyAppUITest.LoginStudent"/>
  <testcase name="testLogin_fail04" time="28.442" classname="feishuo.KyyAppUITest.LoginStudent"/>
  <testcase name="testLogin_fail05" time="22.742" classname="feishuo.KyyAppUITest.LoginStudent"/>
</testsuite> <!-- StudentLogin -->
